2026-03-10T22:42:20.880-0600 [DEBUG] [org.gradle.launcher.daemon.bootstrap.DaemonMain] Assuming the daemon was started with following jvm opts: [-Xmx1g, -Dfile.encoding=UTF-8, -Duser.country, -Duser.language=en, -Duser.variant]
2026-03-10T22:42:21.906-0600 [DEBUG] [org.gradle.internal.remote.internal.inet.InetAddresses] Adding IP addresses for network interface wlp0s20f3
2026-03-10T22:42:21.907-0600 [DEBUG] [org.gradle.internal.remote.internal.inet.InetAddresses] Is this a loopback interface? false
2026-03-10T22:42:21.908-0600 [DEBUG] [org.gradle.internal.remote.internal.inet.InetAddresses] Adding remote address /2806:265:3486:888:6cbd:3117:3543:1cef%wlp0s20f3
2026-03-10T22:42:21.908-0600 [DEBUG] [org.gradle.internal.remote.internal.inet.InetAddresses] Adding remote address /2806:265:3486:888:282a:2201:fad7:a3c0%wlp0s20f3
2026-03-10T22:42:21.909-0600 [DEBUG] [org.gradle.internal.remote.internal.inet.InetAddresses] Adding remote address /fe80:0:0:0:2d4:d3ec:1b5d:f22f%wlp0s20f3
2026-03-10T22:42:21.909-0600 [DEBUG] [org.gradle.internal.remote.internal.inet.InetAddresses] Adding remote address /192.168.1.6
2026-03-10T22:42:21.910-0600 [DEBUG] [org.gradle.internal.remote.internal.inet.InetAddresses] Adding IP addresses for network interface lo
2026-03-10T22:42:21.910-0600 [DEBUG] [org.gradle.internal.remote.internal.inet.InetAddresses] Is this a loopback interface? true
2026-03-10T22:42:21.910-0600 [DEBUG] [org.gradle.internal.remote.internal.inet.InetAddresses] Adding loopback address /0:0:0:0:0:0:0:1%lo
2026-03-10T22:42:21.910-0600 [DEBUG] [org.gradle.internal.remote.internal.inet.InetAddresses] Adding loopback address /127.0.0.1
2026-03-10T22:42:21.946-0600 [INFO] [org.gradle.launcher.daemon.server.Daemon] start() called on daemon - DefaultDaemonContext[uid=73762e43-ff72-4dc5-b4d0-ca0d7acfc07a,javaHome=/usr/lib/jvm/java-21-openjdk-amd64,javaVersion=21,javaVendor=Ubuntu,daemonRegistryDir=/home/jose-guerrero/Desktop/aloChat/.gradle-home/daemon,pid=62593,idleTimeout=10800000,priority=NORMAL,applyInstrumentationAgent=true,nativeServicesMode=ENABLED,daemonOpts=-Xmx1g,-Dfile.encoding=UTF-8,-Duser.country,-Duser.language=en,-Duser.variant]
2026-03-10T22:42:22.325-0600 [DEBUG] [org.gradle.internal.remote.internal.inet.TcpIncomingConnector] Listening on [42b07707-293c-412f-b3a8-4cd6447fef36 port:35831, addresses:[localhost/127.0.0.1]].
2026-03-10T22:42:22.576-0600 [DEBUG] [org.gradle.launcher.daemon.server.Daemon] Daemon starting at: Tue Mar 10 22:42:22 CST 2026, with address: [42b07707-293c-412f-b3a8-4cd6447fef36 port:35831, addresses:[localhost/127.0.0.1]]
2026-03-10T22:42:22.577-0600 [INFO] [org.gradle.launcher.daemon.server.DaemonRegistryUpdater] Advertising the daemon address to the clients: [42b07707-293c-412f-b3a8-4cd6447fef36 port:35831, addresses:[localhost/127.0.0.1]]
2026-03-10T22:42:22.579-0600 [DEBUG] [org.gradle.launcher.daemon.server.DaemonRegistryUpdater] Advertised daemon context: DefaultDaemonContext[uid=73762e43-ff72-4dc5-b4d0-ca0d7acfc07a,javaHome=/usr/lib/jvm/java-21-openjdk-amd64,javaVersion=21,javaVendor=Ubuntu,daemonRegistryDir=/home/jose-guerrero/Desktop/aloChat/.gradle-home/daemon,pid=62593,idleTimeout=10800000,priority=NORMAL,applyInstrumentationAgent=true,nativeServicesMode=ENABLED,daemonOpts=-Xmx1g,-Dfile.encoding=UTF-8,-Duser.country,-Duser.language=en,-Duser.variant]
2026-03-10T22:42:22.584-0600 [DEBUG] [org.gradle.launcher.daemon.registry.PersistentDaemonRegistry] Storing daemon address: [42b07707-293c-412f-b3a8-4cd6447fef36 port:35831, addresses:[localhost/127.0.0.1]], context: DefaultDaemonContext[uid=73762e43-ff72-4dc5-b4d0-ca0d7acfc07a,javaHome=/usr/lib/jvm/java-21-openjdk-amd64,javaVersion=21,javaVendor=Ubuntu,daemonRegistryDir=/home/jose-guerrero/Desktop/aloChat/.gradle-home/daemon,pid=62593,idleTimeout=10800000,priority=NORMAL,applyInstrumentationAgent=true,nativeServicesMode=ENABLED,daemonOpts=-Xmx1g,-Dfile.encoding=UTF-8,-Duser.country,-Duser.language=en,-Duser.variant]
2026-03-10T22:42:22.598-0600 [DEBUG] [org.gradle.cache.internal.DefaultFileLockManager] Waiting to acquire exclusive lock on daemon addresses registry.
2026-03-10T22:42:22.603-0600 [DEBUG] [org.gradle.cache.internal.DefaultFileLockManager] Lock acquired on daemon addresses registry.
2026-03-10T22:42:22.608-0600 [DEBUG] [org.gradle.cache.internal.DefaultFileLockManager] Releasing lock on daemon addresses registry.
2026-03-10T22:42:22.608-0600 [LIFECYCLE] [org.gradle.launcher.daemon.server.Daemon] Daemon server started.
2026-03-10T22:42:22.609-0600 [DEBUG] [org.gradle.launcher.daemon.bootstrap.DaemonStartupCommunication] Completed writing the daemon greeting. Closing streams...
2026-03-10T22:42:22.619-0600 [DEBUG] [org.gradle.internal.remote.internal.inet.TcpIncomingConnector] Accepted connection from /127.0.0.1:46982 to /127.0.0.1:35831.
2026-03-10T22:42:22.620-0600 [DEBUG] [org.gradle.launcher.daemon.server.Daemon] stopOnExpiration() called on daemon
2026-03-10T22:42:22.621-0600 [DEBUG] [org.gradle.launcher.daemon.server.Daemon] awaitExpiration() called on daemon
2026-03-10T22:42:22.622-0600 [DEBUG] [org.gradle.launcher.daemon.server.DaemonStateCoordinator] daemon is running. Sleeping until state changes.
2026-03-10T22:42:22.654-0600 [DEBUG] [org.gradle.launcher.daemon.server.SynchronizedDispatchConnection] thread 32: received class org.gradle.launcher.daemon.protocol.Build
2026-03-10T22:42:22.655-0600 [DEBUG] [org.gradle.launcher.daemon.server.DefaultDaemonConnection] thread 32: Received non-IO message from client: Build{id=4fa35018-1a6b-42e5-b09e-eca11c647869, currentDir=/home/jose-guerrero/Desktop/aloChat}
2026-03-10T22:42:22.655-0600 [INFO] [org.gradle.launcher.daemon.server.DefaultIncomingConnectionHandler] Received command: Build{id=4fa35018-1a6b-42e5-b09e-eca11c647869, currentDir=/home/jose-guerrero/Desktop/aloChat}.
2026-03-10T22:42:22.656-0600 [DEBUG] [org.gradle.launcher.daemon.server.DefaultIncomingConnectionHandler] Starting executing command: Build{id=4fa35018-1a6b-42e5-b09e-eca11c647869, currentDir=/home/jose-guerrero/Desktop/aloChat} with connection: socket connection from /127.0.0.1:35831 to /127.0.0.1:46982.
2026-03-10T22:42:22.659-0600 [DEBUG] [org.gradle.launcher.daemon.server.DaemonStateCoordinator] Command execution: started DaemonCommandExecution[command = Build{id=4fa35018-1a6b-42e5-b09e-eca11c647869, currentDir=/home/jose-guerrero/Desktop/aloChat}, connection = DefaultDaemonConnection: socket connection from /127.0.0.1:35831 to /127.0.0.1:46982] after 0.011566666666666666 minutes of idle
2026-03-10T22:42:22.660-0600 [INFO] [org.gradle.launcher.daemon.server.DaemonRegistryUpdater] Marking the daemon as busy, address: [42b07707-293c-412f-b3a8-4cd6447fef36 port:35831, addresses:[localhost/127.0.0.1]]
2026-03-10T22:42:22.660-0600 [DEBUG] [org.gradle.launcher.daemon.registry.PersistentDaemonRegistry] Marking busy by address: [42b07707-293c-412f-b3a8-4cd6447fef36 port:35831, addresses:[localhost/127.0.0.1]]
2026-03-10T22:42:22.661-0600 [DEBUG] [org.gradle.cache.internal.DefaultFileLockManager] Waiting to acquire exclusive lock on daemon addresses registry.
2026-03-10T22:42:22.661-0600 [DEBUG] [org.gradle.cache.internal.DefaultFileLockManager] Lock acquired on daemon addresses registry.
2026-03-10T22:42:22.662-0600 [DEBUG] [org.gradle.cache.internal.DefaultFileLockManager] Releasing lock on daemon addresses registry.
2026-03-10T22:42:22.663-0600 [DEBUG] [org.gradle.launcher.daemon.server.DaemonStateCoordinator] resetting idle timer
2026-03-10T22:42:22.663-0600 [DEBUG] [org.gradle.launcher.daemon.server.DaemonStateCoordinator] daemon is running. Sleeping until state changes.
2026-03-10T22:42:22.665-0600 [INFO] [org.gradle.launcher.daemon.server.exec.StartBuildOrRespondWithBusy] Daemon is about to start building Build{id=4fa35018-1a6b-42e5-b09e-eca11c647869, currentDir=/home/jose-guerrero/Desktop/aloChat}. Dispatching build started information...
2026-03-10T22:42:22.666-0600 [DEBUG] [org.gradle.launcher.daemon.server.SynchronizedDispatchConnection] thread 34: dispatching org.gradle.launcher.daemon.protocol.BuildStarted@2b2b7be7
2026-03-10T22:42:22.667-0600 [DEBUG] [org.gradle.launcher.daemon.server.exec.EstablishBuildEnvironment] Configuring env variables: [PATH, XAUTHORITY, INVOCATION_ID, XMODIFIERS, XDG_DATA_DIRS, GDMSESSION, GIT_PAGER, TERMINATOR_DBUS_PATH, DBUS_SESSION_BUS_ADDRESS, XDG_CURRENT_DESKTOP, JOURNAL_STREAM, GH_PAGER, GSM_SKIP_SSH_AGENT_WORKAROUND, COLORTERM, USERNAME, SESSION_MANAGER, LOGNAME, MANAGERPID, PWD, IM_CONFIG_PHASE, CODEX_MANAGED_BY_NPM, SHELL, LESSOPEN, CODEX_SANDBOX_NETWORK_DISABLED, PAGER, OLDPWD, GNOME_DESKTOP_SESSION_ID, GTK_MODULES, LC_ALL, DEBUGINFOD_URLS, LC_CTYPE, SYSTEMD_EXEC_PID, LS_COLORS, XDG_SESSION_DESKTOP, GNOME_SETUP_DISPLAY, SHLVL, MEMORY_PRESSURE_WRITE, LESSCLOSE, QT_IM_MODULE, MEMORY_PRESSURE_WATCH, TERM, XDG_CONFIG_DIRS, LANG, GNOME_KEYRING_CONTROL, XDG_SESSION_TYPE, DISPLAY, GRADLE_USER_HOME, WAYLAND_DISPLAY, CODEX_THREAD_ID, NO_COLOR, XDG_SESSION_CLASS, _, CODEX_CI, TERMINATOR_DBUS_NAME, DESKTOP_SESSION, USER, XDG_MENU_PREFIX, GIO_LAUNCHED_DESKTOP_FILE_PID, QT_ACCESSIBILITY, VTE_VERSION, TERMINATOR_UUID, SSH_AUTH_SOCK, GNOME_SHELL_SESSION_MODE, IM_CONFIG_CHECK_ENV, XDG_RUNTIME_DIR, HOME]
2026-03-10T22:42:22.672-0600 [DEBUG] [org.gradle.launcher.daemon.server.exec.LogToClient] About to start relaying all logs to the client via the connection.
2026-03-10T22:42:22.672-0600 [INFO] [org.gradle.launcher.daemon.server.exec.LogToClient] The client will now receive all logging from the daemon (pid: 62593). The daemon log file: /home/jose-guerrero/Desktop/aloChat/.gradle-home/daemon/8.14.1/daemon-62593.out.log
2026-03-10T22:42:22.691-0600 [INFO] [org.gradle.launcher.daemon.server.exec.LogAndCheckHealth] Starting build in new daemon [memory: 1 GiB]
2026-03-10T22:42:22.694-0600 [DEBUG] [org.gradle.launcher.daemon.server.exec.ExecuteBuild] The daemon has started executing the build.
2026-03-10T22:42:22.694-0600 [DEBUG] [org.gradle.launcher.daemon.server.exec.ExecuteBuild] Executing build with daemon context: DefaultDaemonContext[uid=73762e43-ff72-4dc5-b4d0-ca0d7acfc07a,javaHome=/usr/lib/jvm/java-21-openjdk-amd64,javaVersion=21,javaVendor=Ubuntu,daemonRegistryDir=/home/jose-guerrero/Desktop/aloChat/.gradle-home/daemon,pid=62593,idleTimeout=10800000,priority=NORMAL,applyInstrumentationAgent=true,nativeServicesMode=ENABLED,daemonOpts=-Xmx1g,-Dfile.encoding=UTF-8,-Duser.country,-Duser.language=en,-Duser.variant]

Containerizing application to [36m668778694151.dkr.ecr.us-east-1.amazonaws.com/alochat/dev/outbound-dispatcher[0m...
Base image 'eclipse-temurin:21-jre' does not use a specific image digest - build may not be reproducible
[1mExecuting tasks:[0m
[1m[                              ] 0.0% complete[0m
[1m> building images to registry[0m
[1m[0m
[4A[0J
[1A[1mExecuting tasks:[0m
[1m[                              ] 0.0% complete[0m
[1m> authenticating push to 668778694151.dkr.ecr.u...[0m
[1m[0m
[4A[0J
[1AUsing credentials from to.auth for 668778694151.dkr.ecr.us-east-1.amazonaws.com/alochat/dev/outbound-dispatcher
[1mExecuting tasks:[0m
[1m[                              ] 0.0% complete[0m
[1m> authenticating push to 668778694151.dkr.ecr.u...[0m
[1m[0m
[4A[0J
[1A[1mExecuting tasks:[0m
[1m[=                             ] 4.2% complete[0m
[1m> authenticating push to 668778694151.dkr.ecr.u...[0m
[1m[0m
[4A[0J
[1A[1mExecuting tasks:[0m
[1m[=                             ] 4.2% complete[0m
[1m> authenticating push to 668778694151.dkr.ecr.u...[0m
[1m> pulling base image manifest[0m
[1m[0m
[5A[0J
[1A[1mExecuting tasks:[0m
[1m[=                             ] 4.2% complete[0m
[1m> authenticating push to 668778694151.dkr.ecr.u...[0m
[1m> pulling base image manifest[0m
[1m> launching application layer builders[0m
[1m[0m
[6A[0J
[1A[1mExecuting tasks:[0m
[1m[=                             ] 4.2% complete[0m
[1m> authenticating push to 668778694151.dkr.ecr.u...[0m
[1m> launching application layer builders[0m
[1m> trying mirrors[0m
[1m[0m
[6A[0J
[1A[1mExecuting tasks:[0m
[1m[==                            ] 6.3% complete[0m
[1m> authenticating push to 668778694151.dkr.ecr.u...[0m
[1m> pulling base image manifest[0m
[1m> launching application layer builders[0m
[1m[0m
[6A[0J
[1A[1mExecuting tasks:[0m
[1m[==                            ] 6.3% complete[0m
[1m> authenticating push to 668778694151.dkr.ecr.u...[0m
[1m> launching application layer builders[0m
[1m> pulling base image manifest and container config[0m
[1m[0m
[6A[0J
[1A[1mExecuting tasks:[0m
[1m[==                            ] 6.3% complete[0m
[1m> authenticating push to 668778694151.dkr.ecr.u...[0m
[1m> pulling base image manifest and container config[0m
[1m> building dependencies layer[0m
[1m[0m
[6A[0J
[1A[1mExecuting tasks:[0m
[1m[==                            ] 6.3% complete[0m
[1m> authenticating push to 668778694151.dkr.ecr.u...[0m
[1m> pulling base image manifest and container config[0m
[1m> building dependencies layer[0m
[1m> building resources layer[0m
[1m[0m
[7A[0J
[1A[1mExecuting tasks:[0m
[1m[==                            ] 6.3% complete[0m
[1m> authenticating push to 668778694151.dkr.ecr.u...[0m
[1m> pulling base image manifest and container config[0m
[1m> building dependencies layer[0m
[1m> building resources layer[0m
[1m> building classes layer[0m
[1m> building jvm arg files layer[0m
[1m[0m
[9A[0J
[1A[1mExecuting tasks:[0m
[1m[==                            ] 6.3% complete[0m
[1m> authenticating push to 668778694151.dkr.ecr.u...[0m
[1m> pulling base image manifest and container config[0m
[1m> building dependencies layer[0m
[1m> building resources layer[0m
[1m> building classes layer[0m
[1m> building jvm arg files layer[0m
[1m> building project dependencies layer[0m
[1m[0m
[10A[0J
[1A[1mExecuting tasks:[0m
[1m[==                            ] 6.3% complete[0m
[1m> authenticating push to 668778694151.dkr.ecr.u...[0m
[1m> pulling base image manifest and container config[0m
[1m> building dependencies layer[0m
[1m> building resources layer[0m
[1m> building classes layer[0m
[1m[0m
[8A[0J
[1A[1mExecuting tasks:[0m
[1m[==                            ] 7.9% complete[0m
[1m> authenticating push to 668778694151.dkr.ecr.u...[0m
[1m> pulling base image manifest and container config[0m
[1m> building dependencies layer[0m
[1m> building resources layer[0m
[1m> building classes layer[0m
[1m> building jvm arg files layer[0m
[1m[0m
[9A[0J
[1A[1mExecuting tasks:[0m
[1m[===                           ] 9.6% complete[0m
[1m> authenticating push to 668778694151.dkr.ecr.u...[0m
[1m> pulling base image manifest and container config[0m
[1m> building dependencies layer[0m
[1m> building resources layer[0m
[1m> building classes layer[0m
[1m[0m
[8A[0J
[1A[1mExecuting tasks:[0m
[1m[===                           ] 11.2% complete[0m
[1m> authenticating push to 668778694151.dkr.ecr.u...[0m
[1m> pulling base image manifest and container config[0m
[1m> building dependencies layer[0m
[1m> building classes layer[0m
[1m[0m
[7A[0J
[1A[1mExecuting tasks:[0m
[1m[====                          ] 12.9% complete[0m
[1m> authenticating push to 668778694151.dkr.ecr.u...[0m
[1m> pulling base image manifest and container config[0m
[1m> building dependencies layer[0m
[1m[0m
[6A[0J
[1A[1mExecuting tasks:[0m
[1m[=====                         ] 15.0% complete[0m
[1m> authenticating push to 668778694151.dkr.ecr.u...[0m
[1m> pulling base image manifest[0m
[1m> building dependencies layer[0m
[1m[0m
[6A[0J
[1AThe base image requires auth. Trying again for eclipse-temurin:21-jre...
[1mExecuting tasks:[0m
[1m[=====                         ] 15.0% complete[0m
[1m> authenticating push to 668778694151.dkr.ecr.u...[0m
[1m> pulling base image manifest[0m
[1m> building dependencies layer[0m
[1m[0m
[6A[0J
[1A[1mExecuting tasks:[0m
[1m[======                        ] 19.2% complete[0m
[1m> pulling base image manifest[0m
[1m> building dependencies layer[0m
[1m[0m
[5A[0J
[1A[1mExecuting tasks:[0m
[1m[======                        ] 19.2% complete[0m
[1m> pulling base image manifest[0m
[1m> building dependencies layer[0m
[1m> launching layer pushers[0m
[1m[0m
[6A[0J
[1A[1mExecuting tasks:[0m
[1m[======                        ] 19.2% complete[0m
[1m> pulling base image manifest[0m
[1m> building dependencies layer[0m
[1m> pushing blob sha256:ef8f2c16373051e4ebefbf6bb...[0m
[1m[0m
[6A[0J
[1A[1mExecuting tasks:[0m
[1m[======                        ] 19.2% complete[0m
[1m> pulling base image manifest[0m
[1m> building dependencies layer[0m
[1m> pushing blob sha256:ef8f2c16373051e4ebefbf6bb...[0m
[1m> pushing blob sha256:49df050ae9050b63f8d06015b...[0m
[1m[0m
[7A[0J
[1A[1mExecuting tasks:[0m
[1m[======                        ] 19.2% complete[0m
[1m> pulling base image manifest[0m
[1m> building dependencies layer[0m
[1m> pushing blob sha256:ef8f2c16373051e4ebefbf6bb...[0m
[1m> pushing blob sha256:49df050ae9050b63f8d06015b...[0m
[1m> pushing blob sha256:08c215eeb544081d07077306c...[0m
[1m[0m
[8A[0J
[1A[1mExecuting tasks:[0m
[1m[======                        ] 19.2% complete[0m
[1m> pulling base image manifest[0m
[1m> building dependencies layer[0m
[1m> pushing blob sha256:ef8f2c16373051e4ebefbf6bb...[0m
[1m> pushing blob sha256:49df050ae9050b63f8d06015b...[0m
[1m> pushing blob sha256:08c215eeb544081d07077306c...[0m
[1m> pushing blob sha256:24d95e1f3d698b894a61fab80...[0m
[1m[0m
[9A[0J
[1A[1mExecuting tasks:[0m
[1m[======                        ] 19.2% complete[0m
[1m> building dependencies layer[0m
[1m> pushing blob sha256:ef8f2c16373051e4ebefbf6bb...[0m
[1m> pushing blob sha256:49df050ae9050b63f8d06015b...[0m
[1m> pushing blob sha256:08c215eeb544081d07077306c...[0m
[1m> pushing blob sha256:24d95e1f3d698b894a61fab80...[0m
[1m> pulling base image manifest and container config[0m
[1m[0m
[9A[0J
[1AUsing base image with digest: sha256:21f7770fc604b3b7823b8b093815aec56f685341a4b30e062d80793977c3aa78
[1mExecuting tasks:[0m
[1m[======                        ] 19.2% complete[0m
[1m> building dependencies layer[0m
[1m> pushing blob sha256:ef8f2c16373051e4ebefbf6bb...[0m
[1m> pushing blob sha256:49df050ae9050b63f8d06015b...[0m
[1m> pushing blob sha256:08c215eeb544081d07077306c...[0m
[1m> pushing blob sha256:24d95e1f3d698b894a61fab80...[0m
[1m> pulling base image manifest and container config[0m
[1m[0m
[9A[0J
[1A[1mExecuting tasks:[0m
[1m[======                        ] 20.2% complete[0m
[1m> building dependencies layer[0m
[1m> pushing blob sha256:ef8f2c16373051e4ebefbf6bb...[0m
[1m> pushing blob sha256:49df050ae9050b63f8d06015b...[0m
[1m> pushing blob sha256:08c215eeb544081d07077306c...[0m
[1m> pushing blob sha256:24d95e1f3d698b894a61fab80...[0m
[1m> pulling base image manifest and container config[0m
[1m[0m
[9A[0J
[1A[1mExecuting tasks:[0m
[1m[======                        ] 20.2% complete[0m
[1m> building dependencies layer[0m
[1m> pushing blob sha256:ef8f2c16373051e4ebefbf6bb...[0m
[1m> pushing blob sha256:49df050ae9050b63f8d06015b...[0m
[1m> pushing blob sha256:08c215eeb544081d07077306c...[0m
[1m> pushing blob sha256:24d95e1f3d698b894a61fab80...[0m
[1m> pulling platform-specific manifests and conta...[0m
[1m[0m
[9A[0J
[1A[1mExecuting tasks:[0m
[1m[=======                       ] 21.9% complete[0m
[1m> building dependencies layer[0m
[1m> pushing blob sha256:49df050ae9050b63f8d06015b...[0m
[1m> pushing blob sha256:08c215eeb544081d07077306c...[0m
[1m> pushing blob sha256:24d95e1f3d698b894a61fab80...[0m
[1m> pulling platform-specific manifests and conta...[0m
[1m[0m
[8A[0J
[1A[1mExecuting tasks:[0m
[1m[=======                       ] 23.5% complete[0m
[1m> building dependencies layer[0m
[1m> pushing blob sha256:49df050ae9050b63f8d06015b...[0m
[1m> pushing blob sha256:24d95e1f3d698b894a61fab80...[0m
[1m> pulling platform-specific manifests and conta...[0m
[1m[0m
[7A[0J
[1A[1mExecuting tasks:[0m
[1m[=======                       ] 24.7% complete[0m
[1m> building dependencies layer[0m
[1m> pushing blob sha256:49df050ae9050b63f8d06015b...[0m
[1m> pushing blob sha256:24d95e1f3d698b894a61fab80...[0m
[1m> pulling platform-specific manifests and conta...[0m
[1m[0m
[7A[0J
[1A[1mExecuting tasks:[0m
[1m[========                      ] 25.2% complete[0m
[1m> building dependencies layer[0m
[1m> pushing blob sha256:49df050ae9050b63f8d06015b...[0m
[1m> pushing blob sha256:24d95e1f3d698b894a61fab80...[0m
[1m> pulling platform-specific manifests and conta...[0m
[1m[0m
[7A[0J
[1A[1mExecuting tasks:[0m
[1m[========                      ] 26.9% complete[0m
[1m> building dependencies layer[0m
[1m> pushing blob sha256:24d95e1f3d698b894a61fab80...[0m
[1m> pulling platform-specific manifests and conta...[0m
[1m[0m
[6A[0J
[1A[1mExecuting tasks:[0m
[1m[========                      ] 26.9% complete[0m
[1m> building dependencies layer[0m
[1m> pushing blob sha256:24d95e1f3d698b894a61fab80...[0m
[1m> pull container configuration sha256:cd4d7c86a...[0m
[1m[0m
[6A[0J
[1A[1mExecuting tasks:[0m
[1m[========                      ] 27.4% complete[0m
[1m> pulling base image manifest[0m
[1m> building dependencies layer[0m
[1m> pushing blob sha256:24d95e1f3d698b894a61fab80...[0m
[1m[0m
[6A[0J
[1A[1mExecuting tasks:[0m
[1m[========                      ] 27.9% complete[0m
[1m> pulling base image manifest[0m
[1m> building dependencies layer[0m
[1m> launching layer pushers[0m
[1m[0m
[6A[0J
[1A[1mExecuting tasks:[0m
[1m[=========                     ] 30.0% complete[0m
[1m> building dependencies layer[0m
[1m> launching layer pushers[0m
[1m[0m
[5A[0J
[1A[1mExecuting tasks:[0m
[1m[=========                     ] 30.0% complete[0m
[1m> building dependencies layer[0m
[1m> launching layer pushers[0m
[1m> scheduling obtaining base images layers[0m
[1m[0m
[6A[0J
[1A[1mExecuting tasks:[0m
[1m[=========                     ] 30.0% complete[0m
[1m> building dependencies layer[0m
[1m> launching layer pushers[0m
[1m> launching base image layer pullers[0m
[1m[0m
[6A[0J
[1A[1mExecuting tasks:[0m
[1m[=========                     ] 30.0% complete[0m
[1m> building dependencies layer[0m
[1m> launching layer pushers[0m
[1m> checking base image layer sha256:51024d09d55a...[0m
[1m> checking base image layer sha256:01d7766a2e4a...[0m
[1m[0m
[7A[0J
[1A[1mExecuting tasks:[0m
[1m[=========                     ] 30.0% complete[0m
[1m> building dependencies layer[0m
[1m> launching layer pushers[0m
[1m> checking base image layer sha256:51024d09d55a...[0m
[1m[0m
[6A[0J
[1A[1mExecuting tasks:[0m
[1m[=========                     ] 30.0% complete[0m
[1m> building dependencies layer[0m
[1m> launching layer pushers[0m
[1m> checking base image layer sha256:51024d09d55a...[0m
[1m> checking base image layer sha256:01d7766a2e4a...[0m
[1m> scheduling pushing base images layers[0m
[1m> scheduling building manifests[0m
[1m[0m
[9A[0J
[1A[1mExecuting tasks:[0m
[1m[=========                     ] 30.0% complete[0m
[1m> building dependencies layer[0m
[1m> launching layer pushers[0m
[1m> checking base image layer sha256:51024d09d55a...[0m
[1m> checking base image layer sha256:01d7766a2e4a...[0m
[1m> scheduling pushing base images layers[0m
[1m> scheduling building manifests[0m
[1m[0m
[9A[0J
[1A[1mExecuting tasks:[0m
[1m[=========                     ] 30.0% complete[0m
[1m> building dependencies layer[0m
[1m> launching layer pushers[0m
[1m> checking base image layer sha256:51024d09d55a...[0m
[1m> checking base image layer sha256:01d7766a2e4a...[0m
[1m> scheduling pushing base images layers[0m
[1m> scheduling building manifests[0m
[1m> checking base image layer sha256:c4247047ab40...[0m
[1m[0m
[10A[0J
[1A[1mExecuting tasks:[0m
[1m[=========                     ] 30.0% complete[0m
[1m> building dependencies layer[0m
[1m> launching layer pushers[0m
[1m> checking base image layer sha256:51024d09d55a...[0m
[1m> checking base image layer sha256:01d7766a2e4a...[0m
[1m> scheduling pushing base images layers[0m
[1m> scheduling building manifests[0m
[1m> checking base image layer sha256:c4247047ab40...[0m
[1m> checking base image layer sha256:d23efddf26cd...[0m
[1m[0m
[11A[0J
[1A[1mExecuting tasks:[0m
[1m[=========                     ] 30.0% complete[0m
[1m> building dependencies layer[0m
[1m> launching layer pushers[0m
[1m> checking base image layer sha256:51024d09d55a...[0m
[1m> checking base image layer sha256:01d7766a2e4a...[0m
[1m> scheduling pushing base images layers[0m
[1m> scheduling building manifests[0m
[1m> checking base image layer sha256:c4247047ab40...[0m
[1m> checking base image layer sha256:d23efddf26cd...[0m
[1m> checking base image layer sha256:05ec7c6edf1e...[0m
[1m[0m
[12A[0J
[1A[1mExecuting tasks:[0m
[1m[=========                     ] 30.0% complete[0m
[1m> building dependencies layer[0m
[1m> launching layer pushers[0m
[1m> checking base image layer sha256:51024d09d55a...[0m
[1m> checking base image layer sha256:01d7766a2e4a...[0m
[1m> scheduling building manifests[0m
[1m> checking base image layer sha256:c4247047ab40...[0m
[1m> checking base image layer sha256:d23efddf26cd...[0m
[1m> checking base image layer sha256:05ec7c6edf1e...[0m
[1m> launching layer pushers[0m
[1m[0m
[12A[0J
[1A[1mExecuting tasks:[0m
[1m[=========                     ] 30.0% complete[0m
[1m> building dependencies layer[0m
[1m> launching layer pushers[0m
[1m> checking base image layer sha256:51024d09d55a...[0m
[1m> checking base image layer sha256:01d7766a2e4a...[0m
[1m> scheduling building manifests[0m
[1m> checking base image layer sha256:c4247047ab40...[0m
[1m> checking base image layer sha256:d23efddf26cd...[0m
[1m> checking base image layer sha256:05ec7c6edf1e...[0m
[1m> launching layer pushers[0m
[1m> scheduling pushing container configurations[0m
[1m[0m
[13A[0J
[1A[1mExecuting tasks:[0m
[1m[=========                     ] 30.0% complete[0m
[1m> building dependencies layer[0m
[1m> launching layer pushers[0m
[1m> checking base image layer sha256:51024d09d55a...[0m
[1m> checking base image layer sha256:01d7766a2e4a...[0m
[1m> scheduling building manifests[0m
[1m> checking base image layer sha256:c4247047ab40...[0m
[1m> checking base image layer sha256:d23efddf26cd...[0m
[1m> checking base image layer sha256:05ec7c6edf1e...[0m
[1m> launching layer pushers[0m
[1m> scheduling pushing container configurations[0m
[1m> scheduling pushing manifests[0m
[1m[0m
[14A[0J
[1A[1mExecuting tasks:[0m
[1m[=========                     ] 31.7% complete[0m
[1m> building dependencies layer[0m
[1m> launching layer pushers[0m
[1m> checking base image layer sha256:01d7766a2e4a...[0m
[1m> scheduling building manifests[0m
[1m> checking base image layer sha256:c4247047ab40...[0m
[1m> checking base image layer sha256:d23efddf26cd...[0m
[1m> checking base image layer sha256:05ec7c6edf1e...[0m
[1m> launching layer pushers[0m
[1m> scheduling pushing container configurations[0m
[1m> scheduling pushing manifests[0m
[1m[0m
[13A[0J
[1A[1mExecuting tasks:[0m
[1m[=========                     ] 31.7% complete[0m
[1m> building dependencies layer[0m
[1m> launching layer pushers[0m
[1m> checking base image layer sha256:01d7766a2e4a...[0m
[1m> scheduling building manifests[0m
[1m> checking base image layer sha256:c4247047ab40...[0m
[1m> checking base image layer sha256:d23efddf26cd...[0m
[1m> checking base image layer sha256:05ec7c6edf1e...[0m
[1m> scheduling pushing container configurations[0m
[1m> scheduling pushing manifests[0m
[1m> pushing blob sha256:51024d09d55a0dd2db21ee0f8...[0m
[1m[0m
[13A[0J
[1A[1mExecuting tasks:[0m
[1m[==========                    ] 33.3% complete[0m
[1m> building dependencies layer[0m
[1m> launching layer pushers[0m
[1m> scheduling building manifests[0m
[1m> checking base image layer sha256:c4247047ab40...[0m
[1m> checking base image layer sha256:05ec7c6edf1e...[0m
[1m> scheduling pushing container configurations[0m
[1m> scheduling pushing manifests[0m
[1m> pushing blob sha256:51024d09d55a0dd2db21ee0f8...[0m
[1m[0m
[11A[0J
[1A[1mExecuting tasks:[0m
[1m[==========                    ] 35.0% complete[0m
[1m> building dependencies layer[0m
[1m> launching layer pushers[0m
[1m> scheduling building manifests[0m
[1m> checking base image layer sha256:c4247047ab40...[0m
[1m> checking base image layer sha256:05ec7c6edf1e...[0m
[1m> scheduling pushing container configurations[0m
[1m> scheduling pushing manifests[0m
[1m> pushing blob sha256:51024d09d55a0dd2db21ee0f8...[0m
[1m[0m
[11A[0J
[1A[1mExecuting tasks:[0m
[1m[==========                    ] 35.0% complete[0m
[1m> building dependencies layer[0m
[1m> launching layer pushers[0m
[1m> scheduling building manifests[0m
[1m> checking base image layer sha256:c4247047ab40...[0m
[1m> checking base image layer sha256:05ec7c6edf1e...[0m
[1m> scheduling pushing container configurations[0m
[1m> scheduling pushing manifests[0m
[1m> pushing blob sha256:51024d09d55a0dd2db21ee0f8...[0m
[1m> pushing blob sha256:d23efddf26cd7c89f1e3c4284...[0m
[1m[0m
[12A[0J
[1A[1mExecuting tasks:[0m
[1m[==========                    ] 35.0% complete[0m
[1m> building dependencies layer[0m
[1m> launching layer pushers[0m
[1m> scheduling building manifests[0m
[1m> checking base image layer sha256:c4247047ab40...[0m
[1m> checking base image layer sha256:05ec7c6edf1e...[0m
[1m> scheduling pushing container configurations[0m
[1m> scheduling pushing manifests[0m
[1m> pushing blob sha256:51024d09d55a0dd2db21ee0f8...[0m
[1m> pushing blob sha256:d23efddf26cd7c89f1e3c4284...[0m
[1m> pushing blob sha256:01d7766a2e4a62b74e0bebf2c...[0m
[1m[0m
[13A[0J
[1A[1mExecuting tasks:[0m
[1m[===========                   ] 36.7% complete[0m
[1m> building dependencies layer[0m
[1m> launching layer pushers[0m
[1m> scheduling building manifests[0m
[1m> checking base image layer sha256:c4247047ab40...[0m
[1m> scheduling pushing container configurations[0m
[1m> scheduling pushing manifests[0m
[1m> pushing blob sha256:51024d09d55a0dd2db21ee0f8...[0m
[1m> pushing blob sha256:d23efddf26cd7c89f1e3c4284...[0m
[1m> pushing blob sha256:01d7766a2e4a62b74e0bebf2c...[0m
[1m[0m
[12A[0J
[1A[1mExecuting tasks:[0m
[1m[===========                   ] 36.7% complete[0m
[1m> building dependencies layer[0m
[1m> launching layer pushers[0m
[1m> scheduling building manifests[0m
[1m> checking base image layer sha256:c4247047ab40...[0m
[1m> scheduling pushing container configurations[0m
[1m> scheduling pushing manifests[0m
[1m> pushing blob sha256:51024d09d55a0dd2db21ee0f8...[0m
[1m> pushing blob sha256:d23efddf26cd7c89f1e3c4284...[0m
[1m> pushing blob sha256:01d7766a2e4a62b74e0bebf2c...[0m
[1m> pushing blob sha256:05ec7c6edf1e7d89c9950ef90...[0m
[1m[0m
[13A[0J
[1A[1mExecuting tasks:[0m
[1m[===========                   ] 38.3% complete[0m
[1m> building dependencies layer[0m
[1m> launching layer pushers[0m
[1m> scheduling building manifests[0m
[1m> scheduling pushing container configurations[0m
[1m> scheduling pushing manifests[0m
[1m> pushing blob sha256:51024d09d55a0dd2db21ee0f8...[0m
[1m> pushing blob sha256:d23efddf26cd7c89f1e3c4284...[0m
[1m> pushing blob sha256:01d7766a2e4a62b74e0bebf2c...[0m
[1m> pushing blob sha256:05ec7c6edf1e7d89c9950ef90...[0m
[1m[0m
[12A[0J
[1A[1mExecuting tasks:[0m
[1m[===========                   ] 38.3% complete[0m
[1m> building dependencies layer[0m
[1m> launching layer pushers[0m
[1m> scheduling building manifests[0m
[1m> scheduling pushing container configurations[0m
[1m> scheduling pushing manifests[0m
[1m> pushing blob sha256:51024d09d55a0dd2db21ee0f8...[0m
[1m> pushing blob sha256:d23efddf26cd7c89f1e3c4284...[0m
[1m> pushing blob sha256:01d7766a2e4a62b74e0bebf2c...[0m
[1m> pushing blob sha256:05ec7c6edf1e7d89c9950ef90...[0m
[1m> pushing blob sha256:c4247047ab404fa4e57d2dd23...[0m
[1m[0m
[13A[0J
[1A[1mExecuting tasks:[0m
[1m[============                  ] 38.3% complete[0m
[1m> building dependencies layer[0m
[1m> launching layer pushers[0m
[1m> scheduling building manifests[0m
[1m> scheduling pushing container configurations[0m
[1m> scheduling pushing manifests[0m
[1m> pushing blob sha256:51024d09d55a0dd2db21ee0f8...[0m
[1m> pushing blob sha256:d23efddf26cd7c89f1e3c4284...[0m
[1m> pushing blob sha256:01d7766a2e4a62b74e0bebf2c...[0m
[1m> pushing blob sha256:05ec7c6edf1e7d89c9950ef90...[0m
[1m> pushing blob sha256:c4247047ab404fa4e57d2dd23...[0m
[1m[0m
[13A[0J
[1A[1mExecuting tasks:[0m
[1m[============                  ] 40.0% complete[0m
[1m> building dependencies layer[0m
[1m> launching layer pushers[0m
[1m> scheduling building manifests[0m
[1m> scheduling pushing container configurations[0m
[1m> scheduling pushing manifests[0m
[1m> pushing blob sha256:51024d09d55a0dd2db21ee0f8...[0m
[1m> pushing blob sha256:01d7766a2e4a62b74e0bebf2c...[0m
[1m> pushing blob sha256:05ec7c6edf1e7d89c9950ef90...[0m
[1m> pushing blob sha256:c4247047ab404fa4e57d2dd23...[0m
[1m[0m
[12A[0J
[1A[1mExecuting tasks:[0m
[1m[=============                 ] 41.7% complete[0m
[1m> building dependencies layer[0m
[1m> launching layer pushers[0m
[1m> scheduling building manifests[0m
[1m> scheduling pushing container configurations[0m
[1m> scheduling pushing manifests[0m
[1m> pushing blob sha256:51024d09d55a0dd2db21ee0f8...[0m
[1m> pushing blob sha256:01d7766a2e4a62b74e0bebf2c...[0m
[1m> pushing blob sha256:c4247047ab404fa4e57d2dd23...[0m
[1m[0m
[11A[0J
[1A[1mExecuting tasks:[0m
[1m[=============                 ] 41.8% complete[0m
[1m> building dependencies layer[0m
[1m> launching layer pushers[0m
[1m> scheduling building manifests[0m
[1m> scheduling pushing container configurations[0m
[1m> scheduling pushing manifests[0m
[1m> pushing blob sha256:51024d09d55a0dd2db21ee0f8...[0m
[1m> pushing blob sha256:01d7766a2e4a62b74e0bebf2c...[0m
[1m> pushing blob sha256:c4247047ab404fa4e57d2dd23...[0m
[1m[0m
[11A[0J
[1A[1mExecuting tasks:[0m
[1m[=============                 ] 41.9% complete[0m
[1m> building dependencies layer[0m
[1m> launching layer pushers[0m
[1m> scheduling building manifests[0m
[1m> scheduling pushing container configurations[0m
[1m> scheduling pushing manifests[0m
[1m> pushing blob sha256:51024d09d55a0dd2db21ee0f8...[0m
[1m> pushing blob sha256:01d7766a2e4a62b74e0bebf2c...[0m
[1m> pushing blob sha256:c4247047ab404fa4e57d2dd23...[0m
[1m[0m
[11A[0J
[1A[1mExecuting tasks:[0m
[1m[=============                 ] 42.0% complete[0m
[1m> building dependencies layer[0m
[1m> launching layer pushers[0m
[1m> scheduling building manifests[0m
[1m> scheduling pushing container configurations[0m
[1m> scheduling pushing manifests[0m
[1m> pushing blob sha256:51024d09d55a0dd2db21ee0f8...[0m
[1m> pushing blob sha256:01d7766a2e4a62b74e0bebf2c...[0m
[1m> pushing blob sha256:c4247047ab404fa4e57d2dd23...[0m
[1m[0m
[11A[0J
[1A[1mExecuting tasks:[0m
[1m[=============                 ] 42.1% complete[0m
[1m> building dependencies layer[0m
[1m> launching layer pushers[0m
[1m> scheduling building manifests[0m
[1m> scheduling pushing container configurations[0m
[1m> scheduling pushing manifests[0m
[1m> pushing blob sha256:51024d09d55a0dd2db21ee0f8...[0m
[1m> pushing blob sha256:01d7766a2e4a62b74e0bebf2c...[0m
[1m> pushing blob sha256:c4247047ab404fa4e57d2dd23...[0m
[1m[0m
[11A[0J
[1A[1mExecuting tasks:[0m
[1m[=============                 ] 42.1% complete[0m
[1m> building dependencies layer[0m
[1m> launching layer pushers[0m
[1m> scheduling building manifests[0m
[1m> scheduling pushing container configurations[0m
[1m> scheduling pushing manifests[0m
[1m> pushing blob sha256:51024d09d55a0dd2db21ee0f8...[0m
[1m> pushing blob sha256:01d7766a2e4a62b74e0bebf2c...[0m
[1m> pushing blob sha256:c4247047ab404fa4e57d2dd23...[0m
[1m[0m
[11A[0J
[1A[1mExecuting tasks:[0m
[1m[=============                 ] 42.2% complete[0m
[1m> building dependencies layer[0m
[1m> launching layer pushers[0m
[1m> scheduling building manifests[0m
[1m> scheduling pushing container configurations[0m
[1m> scheduling pushing manifests[0m
[1m> pushing blob sha256:51024d09d55a0dd2db21ee0f8...[0m
[1m> pushing blob sha256:01d7766a2e4a62b74e0bebf2c...[0m
[1m> pushing blob sha256:c4247047ab404fa4e57d2dd23...[0m
[1m[0m
[11A[0J
[1A[1mExecuting tasks:[0m
[1m[=============                 ] 42.3% complete[0m
[1m> building dependencies layer[0m
[1m> launching layer pushers[0m
[1m> scheduling building manifests[0m
[1m> scheduling pushing container configurations[0m
[1m> scheduling pushing manifests[0m
[1m> pushing blob sha256:51024d09d55a0dd2db21ee0f8...[0m
[1m> pushing blob sha256:01d7766a2e4a62b74e0bebf2c...[0m
[1m> pushing blob sha256:c4247047ab404fa4e57d2dd23...[0m
[1m[0m
[11A[0J
[1A[1mExecuting tasks:[0m
[1m[=============                 ] 42.4% complete[0m
[1m> building dependencies layer[0m
[1m> launching layer pushers[0m
[1m> scheduling building manifests[0m
[1m> scheduling pushing container configurations[0m
[1m> scheduling pushing manifests[0m
[1m> pushing blob sha256:51024d09d55a0dd2db21ee0f8...[0m
[1m> pushing blob sha256:01d7766a2e4a62b74e0bebf2c...[0m
[1m> pushing blob sha256:c4247047ab404fa4e57d2dd23...[0m
[1m[0m
[11A[0J
[1A[1mExecuting tasks:[0m
[1m[=============                 ] 42.5% complete[0m
[1m> building dependencies layer[0m
[1m> launching layer pushers[0m
[1m> scheduling building manifests[0m
[1m> scheduling pushing container configurations[0m
[1m> scheduling pushing manifests[0m
[1m> pushing blob sha256:51024d09d55a0dd2db21ee0f8...[0m
[1m> pushing blob sha256:01d7766a2e4a62b74e0bebf2c...[0m
[1m> pushing blob sha256:c4247047ab404fa4e57d2dd23...[0m
[1m[0m
[11A[0J
[1A[1mExecuting tasks:[0m
[1m[=============                 ] 42.6% complete[0m
[1m> building dependencies layer[0m
[1m> launching layer pushers[0m
[1m> scheduling building manifests[0m
[1m> scheduling pushing container configurations[0m
[1m> scheduling pushing manifests[0m
[1m> pushing blob sha256:51024d09d55a0dd2db21ee0f8...[0m
[1m> pushing blob sha256:01d7766a2e4a62b74e0bebf2c...[0m
[1m> pushing blob sha256:c4247047ab404fa4e57d2dd23...[0m
[1m[0m
[11A[0J
[1A[1mExecuting tasks:[0m
[1m[=============                 ] 44.2% complete[0m
[1m> launching layer pushers[0m
[1m> scheduling building manifests[0m
[1m> scheduling pushing container configurations[0m
[1m> scheduling pushing manifests[0m
[1m> pushing blob sha256:51024d09d55a0dd2db21ee0f8...[0m
[1m> pushing blob sha256:01d7766a2e4a62b74e0bebf2c...[0m
[1m> pushing blob sha256:c4247047ab404fa4e57d2dd23...[0m
[1m[0m
[10A[0J
[1A[1mExecuting tasks:[0m
[1m[=============                 ] 44.2% complete[0m
[1m> scheduling pushing container configurations[0m
[1m> scheduling pushing manifests[0m
[1m> pushing blob sha256:51024d09d55a0dd2db21ee0f8...[0m
[1m> pushing blob sha256:01d7766a2e4a62b74e0bebf2c...[0m
[1m> pushing blob sha256:c4247047ab404fa4e57d2dd23...[0m
[1m> building image format[0m
[1m> pushing blob sha256:835967b1a0628476f068d3b47...[0m
[1m[0m
[10A[0J
[1A[1mExecuting tasks:[0m
[1m[=============                 ] 44.2% complete[0m
[1m> scheduling pushing container configurations[0m
[1m> scheduling pushing manifests[0m
[1m> pushing blob sha256:51024d09d55a0dd2db21ee0f8...[0m
[1m> pushing blob sha256:01d7766a2e4a62b74e0bebf2c...[0m
[1m> pushing blob sha256:c4247047ab404fa4e57d2dd23...[0m
[1m> building image format[0m
[1m> pushing blob sha256:835967b1a0628476f068d3b47...[0m
[1m[0m
[10A[0J
[1A
[1mExecuting tasks:[0m
[1m[=============                 ] 44.2% complete[0m
[1m> scheduling pushing container configurations[0m
[1m> scheduling pushing manifests[0m
[1m> pushing blob sha256:51024d09d55a0dd2db21ee0f8...[0m
[1m> pushing blob sha256:01d7766a2e4a62b74e0bebf2c...[0m
[1m> pushing blob sha256:c4247047ab404fa4e57d2dd23...[0m
[1m> building image format[0m
[1m> pushing blob sha256:835967b1a0628476f068d3b47...[0m
[1m[0m
[10A[0J
[1AContainer entrypoint set to [java, -cp, @/app/jib-classpath-file, com.alochat.outbound.OutboundDispatcherApplication]
[1mExecuting tasks:[0m
[1m[=============                 ] 44.2% complete[0m
[1m> scheduling pushing container configurations[0m
[1m> scheduling pushing manifests[0m
[1m> pushing blob sha256:51024d09d55a0dd2db21ee0f8...[0m
[1m> pushing blob sha256:01d7766a2e4a62b74e0bebf2c...[0m
[1m> pushing blob sha256:c4247047ab404fa4e57d2dd23...[0m
[1m> building image format[0m
[1m> pushing blob sha256:835967b1a0628476f068d3b47...[0m
[1m[0m
[10A[0J
[1A[1mExecuting tasks:[0m
[1m[================              ] 52.6% complete[0m
[1m> scheduling pushing container configurations[0m
[1m> scheduling pushing manifests[0m
[1m> pushing blob sha256:51024d09d55a0dd2db21ee0f8...[0m
[1m> pushing blob sha256:01d7766a2e4a62b74e0bebf2c...[0m
[1m> pushing blob sha256:c4247047ab404fa4e57d2dd23...[0m
[1m> pushing blob sha256:835967b1a0628476f068d3b47...[0m
[1m[0m
[9A[0J
[1A[1mExecuting tasks:[0m
[1m[================              ] 52.6% complete[0m
[1m> scheduling pushing manifests[0m
[1m> pushing blob sha256:51024d09d55a0dd2db21ee0f8...[0m
[1m> pushing blob sha256:01d7766a2e4a62b74e0bebf2c...[0m
[1m> pushing blob sha256:c4247047ab404fa4e57d2dd23...[0m
[1m> pushing blob sha256:835967b1a0628476f068d3b47...[0m
[1m> pushing container configuration[0m
[1m[0m
[9A[0J
[1A[1mExecuting tasks:[0m
[1m[================              ] 52.6% complete[0m
[1m> scheduling pushing manifests[0m
[1m> pushing blob sha256:51024d09d55a0dd2db21ee0f8...[0m
[1m> pushing blob sha256:01d7766a2e4a62b74e0bebf2c...[0m
[1m> pushing blob sha256:c4247047ab404fa4e57d2dd23...[0m
[1m> pushing blob sha256:835967b1a0628476f068d3b47...[0m
[1m> pushing container configuration[0m
[1m> building a manifest list or a single manifest[0m
[1m[0m
[10A[0J
[1A[1mExecuting tasks:[0m
[1m[================              ] 52.6% complete[0m
[1m> scheduling pushing manifests[0m
[1m> pushing blob sha256:51024d09d55a0dd2db21ee0f8...[0m
[1m> pushing blob sha256:01d7766a2e4a62b74e0bebf2c...[0m
[1m> pushing blob sha256:c4247047ab404fa4e57d2dd23...[0m
[1m> pushing blob sha256:835967b1a0628476f068d3b47...[0m
[1m> building a manifest list or a single manifest[0m
[1m> pushing blob sha256:f2d5cb51e8c77bcb92f31bae1...[0m
[1m[0m
[10A[0J
[1A[1mExecuting tasks:[0m
[1m[==================            ] 60.9% complete[0m
[1m> scheduling pushing manifests[0m
[1m> pushing blob sha256:51024d09d55a0dd2db21ee0f8...[0m
[1m> pushing blob sha256:01d7766a2e4a62b74e0bebf2c...[0m
[1m> pushing blob sha256:c4247047ab404fa4e57d2dd23...[0m
[1m> pushing blob sha256:835967b1a0628476f068d3b47...[0m
[1m> pushing blob sha256:f2d5cb51e8c77bcb92f31bae1...[0m
[1m[0m
[9A[0J
[1A[1mExecuting tasks:[0m
[1m[==================            ] 60.9% complete[0m
[1m> scheduling pushing manifests[0m
[1m> pushing blob sha256:51024d09d55a0dd2db21ee0f8...[0m
[1m> pushing blob sha256:01d7766a2e4a62b74e0bebf2c...[0m
[1m> pushing blob sha256:c4247047ab404fa4e57d2dd23...[0m
[1m> pushing blob sha256:835967b1a0628476f068d3b47...[0m
[1m> pushing blob sha256:f2d5cb51e8c77bcb92f31bae1...[0m
[1m> checking existence of manifest for sha256:64a...[0m
[1m[0m
[10A[0J
[1A[1mExecuting tasks:[0m
[1m[=====================         ] 69.3% complete[0m
[1m> scheduling pushing manifests[0m
[1m> pushing blob sha256:51024d09d55a0dd2db21ee0f8...[0m
[1m> pushing blob sha256:01d7766a2e4a62b74e0bebf2c...[0m
[1m> pushing blob sha256:c4247047ab404fa4e57d2dd23...[0m
[1m> pushing blob sha256:835967b1a0628476f068d3b47...[0m
[1m> pushing blob sha256:f2d5cb51e8c77bcb92f31bae1...[0m
[1m[0m
[9A[0J
[1A[1mExecuting tasks:[0m
[1m[=====================         ] 69.4% complete[0m
[1m> scheduling pushing manifests[0m
[1m> pushing blob sha256:51024d09d55a0dd2db21ee0f8...[0m
[1m> pushing blob sha256:01d7766a2e4a62b74e0bebf2c...[0m
[1m> pushing blob sha256:c4247047ab404fa4e57d2dd23...[0m
[1m> pushing blob sha256:835967b1a0628476f068d3b47...[0m
[1m> pushing blob sha256:f2d5cb51e8c77bcb92f31bae1...[0m
[1m[0m
[9A[0J
[1A[1mExecuting tasks:[0m
[1m[=====================         ] 69.5% complete[0m
[1m> scheduling pushing manifests[0m
[1m> pushing blob sha256:51024d09d55a0dd2db21ee0f8...[0m
[1m> pushing blob sha256:01d7766a2e4a62b74e0bebf2c...[0m
[1m> pushing blob sha256:c4247047ab404fa4e57d2dd23...[0m
[1m> pushing blob sha256:835967b1a0628476f068d3b47...[0m
[1m> pushing blob sha256:f2d5cb51e8c77bcb92f31bae1...[0m
[1m[0m
[9A[0J
[1A[1mExecuting tasks:[0m
[1m[=====================         ] 69.6% complete[0m
[1m> scheduling pushing manifests[0m
[1m> pushing blob sha256:51024d09d55a0dd2db21ee0f8...[0m
[1m> pushing blob sha256:01d7766a2e4a62b74e0bebf2c...[0m
[1m> pushing blob sha256:c4247047ab404fa4e57d2dd23...[0m
[1m> pushing blob sha256:835967b1a0628476f068d3b47...[0m
[1m> pushing blob sha256:f2d5cb51e8c77bcb92f31bae1...[0m
[1m[0m
[9A[0J
[1A[1mExecuting tasks:[0m
[1m[=====================         ] 69.7% complete[0m
[1m> scheduling pushing manifests[0m
[1m> pushing blob sha256:51024d09d55a0dd2db21ee0f8...[0m
[1m> pushing blob sha256:01d7766a2e4a62b74e0bebf2c...[0m
[1m> pushing blob sha256:c4247047ab404fa4e57d2dd23...[0m
[1m> pushing blob sha256:835967b1a0628476f068d3b47...[0m
[1m> pushing blob sha256:f2d5cb51e8c77bcb92f31bae1...[0m
[1m[0m
[9A[0J
[1A[1mExecuting tasks:[0m
[1m[=====================         ] 69.9% complete[0m
[1m> scheduling pushing manifests[0m
[1m> pushing blob sha256:51024d09d55a0dd2db21ee0f8...[0m
[1m> pushing blob sha256:01d7766a2e4a62b74e0bebf2c...[0m
[1m> pushing blob sha256:c4247047ab404fa4e57d2dd23...[0m
[1m> pushing blob sha256:835967b1a0628476f068d3b47...[0m
[1m> pushing blob sha256:f2d5cb51e8c77bcb92f31bae1...[0m
[1m[0m
[9A[0J
[1A[1mExecuting tasks:[0m
[1m[======================        ] 73.0% complete[0m
[1m> scheduling pushing manifests[0m
[1m> pushing blob sha256:51024d09d55a0dd2db21ee0f8...[0m
[1m> pushing blob sha256:01d7766a2e4a62b74e0bebf2c...[0m
[1m> pushing blob sha256:c4247047ab404fa4e57d2dd23...[0m
[1m> pushing blob sha256:835967b1a0628476f068d3b47...[0m
[1m> pushing blob sha256:f2d5cb51e8c77bcb92f31bae1...[0m
[1m[0m
[9A[0J
[1A[1mExecuting tasks:[0m
[1m[======================        ] 73.2% complete[0m
[1m> scheduling pushing manifests[0m
[1m> pushing blob sha256:51024d09d55a0dd2db21ee0f8...[0m
[1m> pushing blob sha256:01d7766a2e4a62b74e0bebf2c...[0m
[1m> pushing blob sha256:c4247047ab404fa4e57d2dd23...[0m
[1m> pushing blob sha256:835967b1a0628476f068d3b47...[0m
[1m> pushing blob sha256:f2d5cb51e8c77bcb92f31bae1...[0m
[1m[0m
[9A[0J
[1A[1mExecuting tasks:[0m
[1m[======================        ] 73.2% complete[0m
[1m> scheduling pushing manifests[0m
[1m> pushing blob sha256:51024d09d55a0dd2db21ee0f8...[0m
[1m> pushing blob sha256:01d7766a2e4a62b74e0bebf2c...[0m
[1m> pushing blob sha256:c4247047ab404fa4e57d2dd23...[0m
[1m> pushing blob sha256:835967b1a0628476f068d3b47...[0m
[1m> pushing blob sha256:f2d5cb51e8c77bcb92f31bae1...[0m
[1m[0m
[9A[0J
[1A[1mExecuting tasks:[0m
[1m[======================        ] 73.4% complete[0m
[1m> scheduling pushing manifests[0m
[1m> pushing blob sha256:51024d09d55a0dd2db21ee0f8...[0m
[1m> pushing blob sha256:01d7766a2e4a62b74e0bebf2c...[0m
[1m> pushing blob sha256:c4247047ab404fa4e57d2dd23...[0m
[1m> pushing blob sha256:835967b1a0628476f068d3b47...[0m
[1m> pushing blob sha256:f2d5cb51e8c77bcb92f31bae1...[0m
[1m[0m
[9A[0J
[1A[1mExecuting tasks:[0m
[1m[========================      ] 78.6% complete[0m
[1m> scheduling pushing manifests[0m
[1m> pushing blob sha256:51024d09d55a0dd2db21ee0f8...[0m
[1m> pushing blob sha256:01d7766a2e4a62b74e0bebf2c...[0m
[1m> pushing blob sha256:c4247047ab404fa4e57d2dd23...[0m
[1m> pushing blob sha256:835967b1a0628476f068d3b47...[0m
[1m[0m
[8A[0J
[1A[1mExecuting tasks:[0m
[1m[========================      ] 78.8% complete[0m
[1m> scheduling pushing manifests[0m
[1m> pushing blob sha256:51024d09d55a0dd2db21ee0f8...[0m
[1m> pushing blob sha256:01d7766a2e4a62b74e0bebf2c...[0m
[1m> pushing blob sha256:c4247047ab404fa4e57d2dd23...[0m
[1m> pushing blob sha256:835967b1a0628476f068d3b47...[0m
[1m[0m
[8A[0J
[1A[1mExecuting tasks:[0m
[1m[========================      ] 78.9% complete[0m
[1m> scheduling pushing manifests[0m
[1m> pushing blob sha256:51024d09d55a0dd2db21ee0f8...[0m
[1m> pushing blob sha256:01d7766a2e4a62b74e0bebf2c...[0m
[1m> pushing blob sha256:c4247047ab404fa4e57d2dd23...[0m
[1m> pushing blob sha256:835967b1a0628476f068d3b47...[0m
[1m[0m
[8A[0J
[1A[1mExecuting tasks:[0m
[1m[========================      ] 79.0% complete[0m
[1m> scheduling pushing manifests[0m
[1m> pushing blob sha256:51024d09d55a0dd2db21ee0f8...[0m
[1m> pushing blob sha256:01d7766a2e4a62b74e0bebf2c...[0m
[1m> pushing blob sha256:c4247047ab404fa4e57d2dd23...[0m
[1m> pushing blob sha256:835967b1a0628476f068d3b47...[0m
[1m[0m
[8A[0J
[1A[1mExecuting tasks:[0m
[1m[========================      ] 79.1% complete[0m
[1m> scheduling pushing manifests[0m
[1m> pushing blob sha256:51024d09d55a0dd2db21ee0f8...[0m
[1m> pushing blob sha256:01d7766a2e4a62b74e0bebf2c...[0m
[1m> pushing blob sha256:c4247047ab404fa4e57d2dd23...[0m
[1m> pushing blob sha256:835967b1a0628476f068d3b47...[0m
[1m[0m
[8A[0J
[1A[1mExecuting tasks:[0m
[1m[========================      ] 79.1% complete[0m
[1m> scheduling pushing manifests[0m
[1m> pushing blob sha256:51024d09d55a0dd2db21ee0f8...[0m
[1m> pushing blob sha256:01d7766a2e4a62b74e0bebf2c...[0m
[1m> pushing blob sha256:c4247047ab404fa4e57d2dd23...[0m
[1m> pushing blob sha256:835967b1a0628476f068d3b47...[0m
[1m[0m
[8A[0J
[1A[1mExecuting tasks:[0m
[1m[========================      ] 79.2% complete[0m
[1m> scheduling pushing manifests[0m
[1m> pushing blob sha256:51024d09d55a0dd2db21ee0f8...[0m
[1m> pushing blob sha256:01d7766a2e4a62b74e0bebf2c...[0m
[1m> pushing blob sha256:c4247047ab404fa4e57d2dd23...[0m
[1m> pushing blob sha256:835967b1a0628476f068d3b47...[0m
[1m[0m
[8A[0J
[1A[1mExecuting tasks:[0m
[1m[========================      ] 79.3% complete[0m
[1m> scheduling pushing manifests[0m
[1m> pushing blob sha256:01d7766a2e4a62b74e0bebf2c...[0m
[1m> pushing blob sha256:c4247047ab404fa4e57d2dd23...[0m
[1m> pushing blob sha256:835967b1a0628476f068d3b47...[0m
[1m[0m
[7A[0J
[1A[1mExecuting tasks:[0m
[1m[========================      ] 79.4% complete[0m
[1m> scheduling pushing manifests[0m
[1m> pushing blob sha256:01d7766a2e4a62b74e0bebf2c...[0m
[1m> pushing blob sha256:c4247047ab404fa4e57d2dd23...[0m
[1m> pushing blob sha256:835967b1a0628476f068d3b47...[0m
[1m[0m
[7A[0J
[1A[1mExecuting tasks:[0m
[1m[========================      ] 79.5% complete[0m
[1m> scheduling pushing manifests[0m
[1m> pushing blob sha256:01d7766a2e4a62b74e0bebf2c...[0m
[1m> pushing blob sha256:c4247047ab404fa4e57d2dd23...[0m
[1m> pushing blob sha256:835967b1a0628476f068d3b47...[0m
[1m[0m
[7A[0J
[1A[1mExecuting tasks:[0m
[1m[========================      ] 79.6% complete[0m
[1m> scheduling pushing manifests[0m
[1m> pushing blob sha256:01d7766a2e4a62b74e0bebf2c...[0m
[1m> pushing blob sha256:c4247047ab404fa4e57d2dd23...[0m
[1m> pushing blob sha256:835967b1a0628476f068d3b47...[0m
[1m[0m
[7A[0J
[1A[1mExecuting tasks:[0m
[1m[========================      ] 79.7% complete[0m
[1m> scheduling pushing manifests[0m
[1m> pushing blob sha256:01d7766a2e4a62b74e0bebf2c...[0m
[1m> pushing blob sha256:c4247047ab404fa4e57d2dd23...[0m
[1m> pushing blob sha256:835967b1a0628476f068d3b47...[0m
[1m[0m
[7A[0J
[1A[1mExecuting tasks:[0m
[1m[========================      ] 79.8% complete[0m
[1m> scheduling pushing manifests[0m
[1m> pushing blob sha256:01d7766a2e4a62b74e0bebf2c...[0m
[1m> pushing blob sha256:c4247047ab404fa4e57d2dd23...[0m
[1m> pushing blob sha256:835967b1a0628476f068d3b47...[0m
[1m[0m
[7A[0J
[1A[1mExecuting tasks:[0m
[1m[========================      ] 79.9% complete[0m
[1m> scheduling pushing manifests[0m
[1m> pushing blob sha256:01d7766a2e4a62b74e0bebf2c...[0m
[1m> pushing blob sha256:c4247047ab404fa4e57d2dd23...[0m
[1m> pushing blob sha256:835967b1a0628476f068d3b47...[0m
[1m[0m
[7A[0J
[1A[1mExecuting tasks:[0m
[1m[========================      ] 79.9% complete[0m
[1m> scheduling pushing manifests[0m
[1m> pushing blob sha256:01d7766a2e4a62b74e0bebf2c...[0m
[1m> pushing blob sha256:c4247047ab404fa4e57d2dd23...[0m
[1m> pushing blob sha256:835967b1a0628476f068d3b47...[0m
[1m[0m
[7A[0J
[1A[1mExecuting tasks:[0m
[1m[========================      ] 80.0% complete[0m
[1m> scheduling pushing manifests[0m
[1m> pushing blob sha256:01d7766a2e4a62b74e0bebf2c...[0m
[1m> pushing blob sha256:c4247047ab404fa4e57d2dd23...[0m
[1m> pushing blob sha256:835967b1a0628476f068d3b47...[0m
[1m[0m
[7A[0J
[1A[1mExecuting tasks:[0m
[1m[========================      ] 80.1% complete[0m
[1m> scheduling pushing manifests[0m
[1m> pushing blob sha256:01d7766a2e4a62b74e0bebf2c...[0m
[1m> pushing blob sha256:c4247047ab404fa4e57d2dd23...[0m
[1m> pushing blob sha256:835967b1a0628476f068d3b47...[0m
[1m[0m
[7A[0J
[1A[1mExecuting tasks:[0m
[1m[========================      ] 80.2% complete[0m
[1m> scheduling pushing manifests[0m
[1m> pushing blob sha256:01d7766a2e4a62b74e0bebf2c...[0m
[1m> pushing blob sha256:c4247047ab404fa4e57d2dd23...[0m
[1m> pushing blob sha256:835967b1a0628476f068d3b47...[0m
[1m[0m
[7A[0J
[1A[1mExecuting tasks:[0m
[1m[========================      ] 80.3% complete[0m
[1m> scheduling pushing manifests[0m
[1m> pushing blob sha256:01d7766a2e4a62b74e0bebf2c...[0m
[1m> pushing blob sha256:c4247047ab404fa4e57d2dd23...[0m
[1m> pushing blob sha256:835967b1a0628476f068d3b47...[0m
[1m[0m
[7A[0J
[1A[1mExecuting tasks:[0m
[1m[========================      ] 80.4% complete[0m
[1m> scheduling pushing manifests[0m
[1m> pushing blob sha256:01d7766a2e4a62b74e0bebf2c...[0m
[1m> pushing blob sha256:c4247047ab404fa4e57d2dd23...[0m
[1m> pushing blob sha256:835967b1a0628476f068d3b47...[0m
[1m[0m
[7A[0J
[1A[1mExecuting tasks:[0m
[1m[========================      ] 80.5% complete[0m
[1m> scheduling pushing manifests[0m
[1m> pushing blob sha256:01d7766a2e4a62b74e0bebf2c...[0m
[1m> pushing blob sha256:c4247047ab404fa4e57d2dd23...[0m
[1m> pushing blob sha256:835967b1a0628476f068d3b47...[0m
[1m[0m
[7A[0J
[1A[1mExecuting tasks:[0m
[1m[========================      ] 80.6% complete[0m
[1m> scheduling pushing manifests[0m
[1m> pushing blob sha256:01d7766a2e4a62b74e0bebf2c...[0m
[1m> pushing blob sha256:c4247047ab404fa4e57d2dd23...[0m
[1m> pushing blob sha256:835967b1a0628476f068d3b47...[0m
[1m[0m
[7A[0J
[1A[1mExecuting tasks:[0m
[1m[========================      ] 80.7% complete[0m
[1m> scheduling pushing manifests[0m
[1m> pushing blob sha256:01d7766a2e4a62b74e0bebf2c...[0m
[1m> pushing blob sha256:c4247047ab404fa4e57d2dd23...[0m
[1m> pushing blob sha256:835967b1a0628476f068d3b47...[0m
[1m[0m
[7A[0J
[1A[1mExecuting tasks:[0m
[1m[========================      ] 80.8% complete[0m
[1m> scheduling pushing manifests[0m
[1m> pushing blob sha256:01d7766a2e4a62b74e0bebf2c...[0m
[1m> pushing blob sha256:c4247047ab404fa4e57d2dd23...[0m
[1m> pushing blob sha256:835967b1a0628476f068d3b47...[0m
[1m[0m
[7A[0J
[1A[1mExecuting tasks:[0m
[1m[========================      ] 80.9% complete[0m
[1m> scheduling pushing manifests[0m
[1m> pushing blob sha256:01d7766a2e4a62b74e0bebf2c...[0m
[1m> pushing blob sha256:c4247047ab404fa4e57d2dd23...[0m
[1m> pushing blob sha256:835967b1a0628476f068d3b47...[0m
[1m[0m
[7A[0J
[1A[1mExecuting tasks:[0m
[1m[========================      ] 81.0% complete[0m
[1m> scheduling pushing manifests[0m
[1m> pushing blob sha256:01d7766a2e4a62b74e0bebf2c...[0m
[1m> pushing blob sha256:c4247047ab404fa4e57d2dd23...[0m
[1m> pushing blob sha256:835967b1a0628476f068d3b47...[0m
[1m[0m
[7A[0J
[1A[1mExecuting tasks:[0m
[1m[========================      ] 81.1% complete[0m
[1m> scheduling pushing manifests[0m
[1m> pushing blob sha256:01d7766a2e4a62b74e0bebf2c...[0m
[1m> pushing blob sha256:c4247047ab404fa4e57d2dd23...[0m
[1m> pushing blob sha256:835967b1a0628476f068d3b47...[0m
[1m[0m
[7A[0J
[1A[1mExecuting tasks:[0m
[1m[========================      ] 81.2% complete[0m
[1m> scheduling pushing manifests[0m
[1m> pushing blob sha256:01d7766a2e4a62b74e0bebf2c...[0m
[1m> pushing blob sha256:c4247047ab404fa4e57d2dd23...[0m
[1m> pushing blob sha256:835967b1a0628476f068d3b47...[0m
[1m[0m
[7A[0J
[1A[1mExecuting tasks:[0m
[1m[========================      ] 81.3% complete[0m
[1m> scheduling pushing manifests[0m
[1m> pushing blob sha256:01d7766a2e4a62b74e0bebf2c...[0m
[1m> pushing blob sha256:c4247047ab404fa4e57d2dd23...[0m
[1m> pushing blob sha256:835967b1a0628476f068d3b47...[0m
[1m[0m
[7A[0J
[1A[1mExecuting tasks:[0m
[1m[========================      ] 81.4% complete[0m
[1m> scheduling pushing manifests[0m
[1m> pushing blob sha256:01d7766a2e4a62b74e0bebf2c...[0m
[1m> pushing blob sha256:c4247047ab404fa4e57d2dd23...[0m
[1m> pushing blob sha256:835967b1a0628476f068d3b47...[0m
[1m[0m
[7A[0J
[1A[1mExecuting tasks:[0m
[1m[========================      ] 81.5% complete[0m
[1m> scheduling pushing manifests[0m
[1m> pushing blob sha256:01d7766a2e4a62b74e0bebf2c...[0m
[1m> pushing blob sha256:c4247047ab404fa4e57d2dd23...[0m
[1m> pushing blob sha256:835967b1a0628476f068d3b47...[0m
[1m[0m
[7A[0J
[1A[1mExecuting tasks:[0m
[1m[========================      ] 81.6% complete[0m
[1m> scheduling pushing manifests[0m
[1m> pushing blob sha256:01d7766a2e4a62b74e0bebf2c...[0m
[1m> pushing blob sha256:c4247047ab404fa4e57d2dd23...[0m
[1m> pushing blob sha256:835967b1a0628476f068d3b47...[0m
[1m[0m
[7A[0J
[1A[1mExecuting tasks:[0m
[1m[=========================     ] 81.7% complete[0m
[1m> scheduling pushing manifests[0m
[1m> pushing blob sha256:01d7766a2e4a62b74e0bebf2c...[0m
[1m> pushing blob sha256:c4247047ab404fa4e57d2dd23...[0m
[1m> pushing blob sha256:835967b1a0628476f068d3b47...[0m
[1m[0m
[7A[0J
[1A[1mExecuting tasks:[0m
[1m[=========================     ] 81.8% complete[0m
[1m> scheduling pushing manifests[0m
[1m> pushing blob sha256:01d7766a2e4a62b74e0bebf2c...[0m
[1m> pushing blob sha256:c4247047ab404fa4e57d2dd23...[0m
[1m> pushing blob sha256:835967b1a0628476f068d3b47...[0m
[1m[0m
[7A[0J
[1A[1mExecuting tasks:[0m
[1m[=========================     ] 81.8% complete[0m
[1m> scheduling pushing manifests[0m
[1m> pushing blob sha256:c4247047ab404fa4e57d2dd23...[0m
[1m> pushing blob sha256:835967b1a0628476f068d3b47...[0m
[1m[0m
[6A[0J
[1A[1mExecuting tasks:[0m
[1m[=========================     ] 81.9% complete[0m
[1m> scheduling pushing manifests[0m
[1m> pushing blob sha256:c4247047ab404fa4e57d2dd23...[0m
[1m> pushing blob sha256:835967b1a0628476f068d3b47...[0m
[1m[0m
[6A[0J
[1A[1mExecuting tasks:[0m
[1m[=========================     ] 82.0% complete[0m
[1m> scheduling pushing manifests[0m
[1m> pushing blob sha256:c4247047ab404fa4e57d2dd23...[0m
[1m> pushing blob sha256:835967b1a0628476f068d3b47...[0m
[1m[0m
[6A[0J
[1A[1mExecuting tasks:[0m
[1m[=========================     ] 82.1% complete[0m
[1m> scheduling pushing manifests[0m
[1m> pushing blob sha256:c4247047ab404fa4e57d2dd23...[0m
[1m> pushing blob sha256:835967b1a0628476f068d3b47...[0m
[1m[0m
[6A[0J
[1A[1mExecuting tasks:[0m
[1m[=========================     ] 82.1% complete[0m
[1m> scheduling pushing manifests[0m
[1m> pushing blob sha256:835967b1a0628476f068d3b47...[0m
[1m[0m
[5A[0J
[1A[1mExecuting tasks:[0m
[1m[=========================     ] 82.2% complete[0m
[1m> scheduling pushing manifests[0m
[1m> pushing blob sha256:835967b1a0628476f068d3b47...[0m
[1m[0m
[5A[0J
[1A[1mExecuting tasks:[0m
[1m[=========================     ] 82.3% complete[0m
[1m> scheduling pushing manifests[0m
[1m> pushing blob sha256:835967b1a0628476f068d3b47...[0m
[1m[0m
[5A[0J
[1A[1mExecuting tasks:[0m
[1m[=========================     ] 82.4% complete[0m
[1m> scheduling pushing manifests[0m
[1m> pushing blob sha256:835967b1a0628476f068d3b47...[0m
[1m[0m
[5A[0J
[1A[1mExecuting tasks:[0m
[1m[=========================     ] 82.5% complete[0m
[1m> scheduling pushing manifests[0m
[1m> pushing blob sha256:835967b1a0628476f068d3b47...[0m
[1m[0m
[5A[0J
[1A[1mExecuting tasks:[0m
[1m[=========================     ] 82.6% complete[0m
[1m> scheduling pushing manifests[0m
[1m> pushing blob sha256:835967b1a0628476f068d3b47...[0m
[1m[0m
[5A[0J
[1A[1mExecuting tasks:[0m
[1m[=========================     ] 82.7% complete[0m
[1m> scheduling pushing manifests[0m
[1m> pushing blob sha256:835967b1a0628476f068d3b47...[0m
[1m[0m
[5A[0J
[1A[1mExecuting tasks:[0m
[1m[=========================     ] 82.8% complete[0m
[1m> scheduling pushing manifests[0m
[1m> pushing blob sha256:835967b1a0628476f068d3b47...[0m
[1m[0m
[5A[0J
[1A[1mExecuting tasks:[0m
[1m[=========================     ] 82.9% complete[0m
[1m> scheduling pushing manifests[0m
[1m> pushing blob sha256:835967b1a0628476f068d3b47...[0m
[1m[0m
[5A[0J
[1A[1mExecuting tasks:[0m
[1m[=========================     ] 83.0% complete[0m
[1m> scheduling pushing manifests[0m
[1m> pushing blob sha256:835967b1a0628476f068d3b47...[0m
[1m[0m
[5A[0J
[1A[1mExecuting tasks:[0m
[1m[=========================     ] 83.1% complete[0m
[1m> scheduling pushing manifests[0m
[1m> pushing blob sha256:835967b1a0628476f068d3b47...[0m
[1m[0m
[5A[0J
[1A[1mExecuting tasks:[0m
[1m[=========================     ] 83.2% complete[0m
[1m> scheduling pushing manifests[0m
[1m> pushing blob sha256:835967b1a0628476f068d3b47...[0m
[1m[0m
[5A[0J
[1A[1mExecuting tasks:[0m
[1m[=========================     ] 83.3% complete[0m
[1m> scheduling pushing manifests[0m
[1m> pushing blob sha256:835967b1a0628476f068d3b47...[0m
[1m[0m
[5A[0J
[1A[1mExecuting tasks:[0m
[1m[=========================     ] 83.3% complete[0m
[1m> scheduling pushing manifests[0m
[1m[0m
[4A[0J
[1A[1mExecuting tasks:[0m
[1m[=========================     ] 83.3% complete[0m
[1m> launching manifest pushers[0m
[1m[0m
[4A[0J
[1A[1mExecuting tasks:[0m
[1m[=========================     ] 83.3% complete[0m
[1m> pushing manifest for latest[0m
[1m[0m
[4A[0J
[1A[1mExecuting tasks:[0m
[1m[===========================   ] 91.7% complete[0m
[1m> building images to registry[0m
[1m[0m
[4A[0J
[1A[1mExecuting tasks:[0m
[1m[===========================   ] 91.7% complete[0m
[1m> launching manifest list pushers[0m
[1m[0m
[4A[0J
[1A[1mExecuting tasks:[0m
[1m[==============================] 100.0% complete[0m
[1m[0m
[3A[0J
[1A
[1mExecuting tasks:[0m
[1m[==============================] 100.0% complete[0m
[1m[0m
[3A[0J
[1ABuilt and pushed image as [36m668778694151.dkr.ecr.us-east-1.amazonaws.com/alochat/dev/outbound-dispatcher[0m
[1mExecuting tasks:[0m
[1m[==============================] 100.0% complete[0m
[1m[0m

[Incubating] Problems report is available at: file:///home/jose-guerrero/Desktop/aloChat/build/reports/problems/problems-report.html

Deprecated Gradle features were used in this build, making it incompatible with Gradle 9.0.

You can use '--warning-mode all' to show the individual deprecation warnings and determine if they come from your own scripts or plugins.

For more on this, please refer to https://docs.gradle.org/8.14.1/userguide/command_line_interface.html#sec:command_line_warnings in the Gradle documentation.

BUILD SUCCESSFUL in 1m 7s
5 actionable tasks: 1 executed, 4 up-to-date
2026-03-10T22:43:25.883-0600 [DEBUG] [org.gradle.launcher.daemon.server.exec.ExecuteBuild] The daemon has finished executing the build.
2026-03-10T22:43:25.887-0600 [DEBUG] [org.gradle.launcher.daemon.server.DaemonStateCoordinator] daemon is running. Sleeping until state changes.
2026-03-10T22:43:25.888-0600 [DEBUG] [org.gradle.launcher.daemon.server.DaemonStateCoordinator] Command execution: finished waiting for DaemonCommandExecution[command = Build{id=4fa35018-1a6b-42e5-b09e-eca11c647869, currentDir=/home/jose-guerrero/Desktop/aloChat}, connection = DefaultDaemonConnection: socket connection from /127.0.0.1:35831 to /127.0.0.1:46982]. Result org.gradle.launcher.daemon.server.DaemonStateCoordinator@1c23dc81 with state Busy
2026-03-10T22:43:25.888-0600 [DEBUG] [org.gradle.launcher.daemon.server.DaemonStateCoordinator] Command execution: completed DaemonCommandExecution[command = Build{id=4fa35018-1a6b-42e5-b09e-eca11c647869, currentDir=/home/jose-guerrero/Desktop/aloChat}, connection = DefaultDaemonConnection: socket connection from /127.0.0.1:35831 to /127.0.0.1:46982]
2026-03-10T22:43:25.888-0600 [DEBUG] [org.gradle.launcher.daemon.server.DaemonStateCoordinator] resetting idle timer
2026-03-10T22:43:25.888-0600 [INFO] [org.gradle.launcher.daemon.server.DaemonRegistryUpdater] Marking the daemon as idle, address: [42b07707-293c-412f-b3a8-4cd6447fef36 port:35831, addresses:[localhost/127.0.0.1]]
2026-03-10T22:43:25.888-0600 [DEBUG] [org.gradle.launcher.daemon.registry.PersistentDaemonRegistry] Marking busy by address: [42b07707-293c-412f-b3a8-4cd6447fef36 port:35831, addresses:[localhost/127.0.0.1]]
2026-03-10T22:43:25.889-0600 [DEBUG] [org.gradle.cache.internal.DefaultFileLockManager] Waiting to acquire exclusive lock on daemon addresses registry.
2026-03-10T22:43:25.889-0600 [DEBUG] [org.gradle.cache.internal.DefaultFileLockManager] Lock acquired on daemon addresses registry.
2026-03-10T22:43:25.889-0600 [DEBUG] [org.gradle.cache.internal.DefaultFileLockManager] Releasing lock on daemon addresses registry.
2026-03-10T22:43:25.890-0600 [DEBUG] [org.gradle.launcher.daemon.server.DaemonStateCoordinator] daemon is running. Sleeping until state changes.
2026-03-10T22:43:25.890-0600 [DEBUG] [org.gradle.launcher.daemon.server.exec.ReturnResult] Daemon is dispatching the build result: Success[value=org.gradle.launcher.exec.BuildActionResult@2011a109]
2026-03-10T22:43:25.890-0600 [DEBUG] [org.gradle.launcher.daemon.server.SynchronizedDispatchConnection] thread 31: dispatching Success[value=org.gradle.launcher.exec.BuildActionResult@2011a109]
2026-03-10T22:43:25.891-0600 [DEBUG] [org.gradle.launcher.daemon.server.exec.CleanUpVirtualFileSystemAfterBuild] Cleaning virtual file system after build finished
2026-03-10T22:43:25.891-0600 [DEBUG] [org.gradle.launcher.daemon.server.SynchronizedDispatchConnection] thread 32: received class org.gradle.launcher.daemon.protocol.CloseInput
2026-03-10T22:43:25.891-0600 [DEBUG] [org.gradle.launcher.daemon.server.DefaultIncomingConnectionHandler] Finishing executing command: Build{id=4fa35018-1a6b-42e5-b09e-eca11c647869, currentDir=/home/jose-guerrero/Desktop/aloChat}
2026-03-10T22:43:25.891-0600 [DEBUG] [org.gradle.launcher.daemon.server.DefaultDaemonConnection] thread 32: Received IO message from client: org.gradle.launcher.daemon.protocol.CloseInput@45b65d36
2026-03-10T22:43:25.892-0600 [DEBUG] [org.gradle.launcher.daemon.server.SynchronizedDispatchConnection] thread 32: received class org.gradle.launcher.daemon.protocol.Finished
2026-03-10T22:43:25.892-0600 [DEBUG] [org.gradle.launcher.daemon.server.DefaultDaemonConnection] thread 32: Received non-IO message from client: org.gradle.launcher.daemon.protocol.Finished@46dbf0ce
2026-03-10T22:43:25.892-0600 [DEBUG] [org.gradle.launcher.daemon.server.DefaultIncomingConnectionHandler] Received finished message: org.gradle.launcher.daemon.protocol.Finished@46dbf0ce
2026-03-10T22:43:25.893-0600 [DEBUG] [org.gradle.launcher.daemon.server.SynchronizedDispatchConnection] thread 31: stopping connection
2026-03-10T22:43:25.893-0600 [DEBUG] [org.gradle.internal.remote.internal.inet.SocketConnection] Discarding EOFException: java.io.EOFException
2026-03-10T22:43:25.893-0600 [DEBUG] [org.gradle.launcher.daemon.server.SynchronizedDispatchConnection] thread 32: received null
2026-03-10T22:43:25.893-0600 [DEBUG] [org.gradle.launcher.daemon.server.DefaultDaemonConnection] thread 32: Received end-of-input from client.
2026-03-10T22:43:25.894-0600 [DEBUG] [org.gradle.launcher.daemon.server.SynchronizedDispatchConnection] thread 31: stopping connection
2026-03-10T22:43:32.622-0600 [DEBUG] [org.gradle.cache.internal.DefaultFileLockManager] Waiting to acquire shared lock on daemon addresses registry.
2026-03-10T22:43:32.622-0600 [DEBUG] [org.gradle.cache.internal.DefaultFileLockManager] Lock acquired on daemon addresses registry.
2026-03-10T22:43:32.626-0600 [DEBUG] [org.gradle.cache.internal.DefaultFileLockManager] Releasing lock on daemon addresses registry.
2026-03-10T22:43:32.627-0600 [DEBUG] [org.gradle.cache.internal.DefaultFileLockManager] Waiting to acquire shared lock on daemon addresses registry.
2026-03-10T22:43:32.627-0600 [DEBUG] [org.gradle.cache.internal.DefaultFileLockManager] Lock acquired on daemon addresses registry.
2026-03-10T22:43:32.628-0600 [DEBUG] [org.gradle.cache.internal.DefaultFileLockManager] Releasing lock on daemon addresses registry.
2026-03-10T22:43:42.622-0600 [DEBUG] [org.gradle.cache.internal.DefaultFileLockManager] Waiting to acquire shared lock on daemon addresses registry.
2026-03-10T22:43:42.622-0600 [DEBUG] [org.gradle.cache.internal.DefaultFileLockManager] Lock acquired on daemon addresses registry.
2026-03-10T22:43:42.623-0600 [DEBUG] [org.gradle.cache.internal.DefaultFileLockManager] Releasing lock on daemon addresses registry.
2026-03-10T22:43:42.625-0600 [DEBUG] [org.gradle.cache.internal.DefaultFileLockManager] Waiting to acquire shared lock on daemon addresses registry.
2026-03-10T22:43:42.625-0600 [DEBUG] [org.gradle.cache.internal.DefaultFileLockManager] Lock acquired on daemon addresses registry.
2026-03-10T22:43:42.626-0600 [DEBUG] [org.gradle.cache.internal.DefaultFileLockManager] Releasing lock on daemon addresses registry.
2026-03-10T22:43:42.628-0600 [DEBUG] [org.gradle.cache.internal.DefaultFileLockManager] Waiting to acquire shared lock on daemon addresses registry.
2026-03-10T22:43:42.629-0600 [DEBUG] [org.gradle.cache.internal.DefaultFileLockManager] Lock acquired on daemon addresses registry.
2026-03-10T22:43:42.630-0600 [DEBUG] [org.gradle.cache.internal.DefaultFileLockManager] Releasing lock on daemon addresses registry.
2026-03-10T22:43:42.631-0600 [DEBUG] [org.gradle.cache.internal.DefaultFileLockManager] Waiting to acquire shared lock on daemon addresses registry.
2026-03-10T22:43:42.632-0600 [DEBUG] [org.gradle.cache.internal.DefaultFileLockManager] Lock acquired on daemon addresses registry.
2026-03-10T22:43:42.633-0600 [DEBUG] [org.gradle.cache.internal.DefaultFileLockManager] Releasing lock on daemon addresses registry.
2026-03-10T22:43:42.634-0600 [DEBUG] [org.gradle.launcher.daemon.server.DaemonRegistryUpdater] Storing daemon stop event: other compatible daemons were started and after being idle for 0 minutes and not recently used
2026-03-10T22:43:42.635-0600 [DEBUG] [org.gradle.launcher.daemon.registry.PersistentDaemonRegistry] Storing daemon stop event with timestamp 1773204222635
2026-03-10T22:43:42.636-0600 [DEBUG] [org.gradle.cache.internal.DefaultFileLockManager] Waiting to acquire exclusive lock on daemon addresses registry.
2026-03-10T22:43:42.637-0600 [DEBUG] [org.gradle.cache.internal.DefaultFileLockManager] Lock acquired on daemon addresses registry.
2026-03-10T22:43:42.639-0600 [DEBUG] [org.gradle.cache.internal.DefaultFileLockManager] Releasing lock on daemon addresses registry.
2026-03-10T22:43:42.640-0600 [LIFECYCLE] [org.gradle.launcher.daemon.server.DaemonStateCoordinator] Daemon will be stopped at the end of the build other compatible daemons were started and after being idle for 0 minutes and not recently used
2026-03-10T22:43:42.641-0600 [DEBUG] [org.gradle.launcher.daemon.server.DaemonStateCoordinator] Marking daemon stopped due to other compatible daemons were started and after being idle for 0 minutes and not recently used. The daemon is not running a build
2026-03-10T22:43:42.642-0600 [DEBUG] [org.gradle.launcher.daemon.server.DaemonStateCoordinator] daemon has stopped.
2026-03-10T22:43:42.643-0600 [DEBUG] [org.gradle.launcher.daemon.server.Daemon] stop() called on daemon
2026-03-10T22:43:42.643-0600 [INFO] [org.gradle.launcher.daemon.server.Daemon] Stop requested. Daemon is removing its presence from the registry...
2026-03-10T22:43:42.644-0600 [DEBUG] [org.gradle.launcher.daemon.server.DaemonRegistryUpdater] Removing our presence to clients, eg. removing this address from the registry: [42b07707-293c-412f-b3a8-4cd6447fef36 port:35831, addresses:[localhost/127.0.0.1]]
2026-03-10T22:43:42.645-0600 [DEBUG] [org.gradle.launcher.daemon.registry.PersistentDaemonRegistry] Removing daemon address: [42b07707-293c-412f-b3a8-4cd6447fef36 port:35831, addresses:[localhost/127.0.0.1]]
2026-03-10T22:43:42.646-0600 [DEBUG] [org.gradle.cache.internal.DefaultFileLockManager] Waiting to acquire exclusive lock on daemon addresses registry.
2026-03-10T22:43:42.647-0600 [DEBUG] [org.gradle.cache.internal.DefaultFileLockManager] Lock acquired on daemon addresses registry.
2026-03-10T22:43:42.648-0600 [DEBUG] [org.gradle.cache.internal.DefaultFileLockManager] Releasing lock on daemon addresses registry.
2026-03-10T22:43:42.649-0600 [DEBUG] [org.gradle.launcher.daemon.server.DaemonRegistryUpdater] Address removed from registry.
2026-03-10T22:43:42.671-0600 [DEBUG] [org.gradle.cache.internal.DefaultCacheCleanupExecutor] jars (/home/jose-guerrero/Desktop/aloChat/.gradle-home/caches/jars-9) has last been fully cleaned up 0 hours ago
2026-03-10T22:43:42.672-0600 [DEBUG] [org.gradle.cache.internal.DefaultCacheCleanupExecutor] Skipping cleanup for jars (/home/jose-guerrero/Desktop/aloChat/.gradle-home/caches/jars-9) as it is not yet due
2026-03-10T22:43:42.672-0600 [DEBUG] [org.gradle.internal.watch.vfs.impl.WatchingVirtualFileSystem] Closing VFS, dropping state
2026-03-10T22:43:42.674-0600 [DEBUG] [org.gradle.internal.watch.registry.impl.DefaultFileWatcherRegistry] Finished listening to file system change events
2026-03-10T22:43:42.674-0600 [DEBUG] [org.gradle.cache.internal.DefaultCacheCoordinator] Cache Generated Gradle JARs cache (/home/jose-guerrero/Desktop/aloChat/.gradle-home/caches/8.14.1/generated-gradle-jars) was closed 0 times.
2026-03-10T22:43:42.674-0600 [DEBUG] [org.gradle.cache.internal.LockOnDemandCrossProcessCacheAccess] Releasing file lock for artifact cache (/home/jose-guerrero/Desktop/aloChat/.gradle-home/caches/modules-2)
2026-03-10T22:43:42.674-0600 [DEBUG] [org.gradle.cache.internal.DefaultFileLockManager] Releasing lock on artifact cache (/home/jose-guerrero/Desktop/aloChat/.gradle-home/caches/modules-2).
2026-03-10T22:43:42.675-0600 [DEBUG] [org.gradle.cache.internal.DefaultCacheCleanupExecutor] artifact cache (/home/jose-guerrero/Desktop/aloChat/.gradle-home/caches/modules-2) has last been fully cleaned up 0 hours ago
2026-03-10T22:43:42.675-0600 [DEBUG] [org.gradle.cache.internal.DefaultCacheCleanupExecutor] Skipping cleanup for artifact cache (/home/jose-guerrero/Desktop/aloChat/.gradle-home/caches/modules-2) as it is not yet due
2026-03-10T22:43:42.675-0600 [DEBUG] [org.gradle.cache.internal.DefaultCacheCoordinator] Cache artifact cache (/home/jose-guerrero/Desktop/aloChat/.gradle-home/caches/modules-2) was closed 2 times.
2026-03-10T22:43:42.676-0600 [DEBUG] [org.gradle.cache.internal.DefaultCacheCleanupExecutor] groovy-dsl (/home/jose-guerrero/Desktop/aloChat/.gradle-home/caches/8.14.1/groovy-dsl) has last been fully cleaned up 0 hours ago
2026-03-10T22:43:42.676-0600 [DEBUG] [org.gradle.cache.internal.DefaultCacheCleanupExecutor] Skipping cleanup for groovy-dsl (/home/jose-guerrero/Desktop/aloChat/.gradle-home/caches/8.14.1/groovy-dsl) as it is not yet due
2026-03-10T22:43:42.676-0600 [DEBUG] [org.gradle.cache.internal.DefaultCacheCoordinator] Cache groovy-dsl (/home/jose-guerrero/Desktop/aloChat/.gradle-home/caches/8.14.1/groovy-dsl) was closed 0 times.
2026-03-10T22:43:42.676-0600 [DEBUG] [org.gradle.cache.internal.DefaultCacheCleanupExecutor] Artifact transforms cache (/home/jose-guerrero/Desktop/aloChat/.gradle-home/caches/8.14.1/transforms) has last been fully cleaned up 0 hours ago
2026-03-10T22:43:42.676-0600 [DEBUG] [org.gradle.cache.internal.DefaultCacheCleanupExecutor] Skipping cleanup for Artifact transforms cache (/home/jose-guerrero/Desktop/aloChat/.gradle-home/caches/8.14.1/transforms) as it is not yet due
2026-03-10T22:43:42.677-0600 [DEBUG] [org.gradle.cache.internal.DefaultCacheCoordinator] Cache Artifact transforms cache (/home/jose-guerrero/Desktop/aloChat/.gradle-home/caches/8.14.1/transforms) was closed 0 times.
2026-03-10T22:43:42.677-0600 [DEBUG] [org.gradle.cache.internal.DefaultCacheCoordinator] Cache journal cache (/home/jose-guerrero/Desktop/aloChat/.gradle-home/caches/journal-1) was closed 5 times.
2026-03-10T22:43:42.677-0600 [DEBUG] [org.gradle.cache.internal.DefaultCacheCoordinator] Cache file hash cache (/home/jose-guerrero/Desktop/aloChat/.gradle-home/caches/8.14.1/fileHashes) was closed 3 times.
2026-03-10T22:43:42.678-0600 [DEBUG] [org.gradle.internal.operations.DefaultBuildOperationRunner] Build operation 'Deleting unused version-specific caches in /home/jose-guerrero/Desktop/aloChat/.gradle-home/caches' started
2026-03-10T22:43:42.679-0600 [DEBUG] [org.gradle.internal.operations.DefaultBuildOperationRunner] Completing Build operation 'Deleting unused version-specific caches in /home/jose-guerrero/Desktop/aloChat/.gradle-home/caches'
2026-03-10T22:43:42.679-0600 [DEBUG] [org.gradle.internal.operations.DefaultBuildOperationRunner] Build operation 'Deleting unused version-specific caches in /home/jose-guerrero/Desktop/aloChat/.gradle-home/caches' completed
2026-03-10T22:43:42.679-0600 [DEBUG] [org.gradle.launcher.daemon.server.Daemon] stop() called on daemon
2026-03-10T22:43:42.680-0600 [INFO] [org.gradle.launcher.daemon.server.Daemon] Stop requested. Daemon is removing its presence from the registry...
2026-03-10T22:43:42.680-0600 [DEBUG] [org.gradle.launcher.daemon.server.DaemonRegistryUpdater] Removing our presence to clients, eg. removing this address from the registry: [42b07707-293c-412f-b3a8-4cd6447fef36 port:35831, addresses:[localhost/127.0.0.1]]
2026-03-10T22:43:42.680-0600 [DEBUG] [org.gradle.launcher.daemon.registry.PersistentDaemonRegistry] Removing daemon address: [42b07707-293c-412f-b3a8-4cd6447fef36 port:35831, addresses:[localhost/127.0.0.1]]
2026-03-10T22:43:42.680-0600 [DEBUG] [org.gradle.cache.internal.DefaultFileLockManager] Waiting to acquire exclusive lock on daemon addresses registry.
2026-03-10T22:43:42.681-0600 [DEBUG] [org.gradle.cache.internal.DefaultFileLockManager] Lock acquired on daemon addresses registry.
2026-03-10T22:43:42.681-0600 [DEBUG] [org.gradle.cache.internal.DefaultFileLockManager] Releasing lock on daemon addresses registry.
2026-03-10T22:43:42.681-0600 [DEBUG] [org.gradle.launcher.daemon.server.DaemonRegistryUpdater] Address removed from registry.
2026-03-10T22:43:42.682-0600 [DEBUG] [org.gradle.cache.internal.locklistener.DefaultFileLockContentionHandler] File lock listener thread completed.
2026-03-10T22:43:42.788-0600 [DEBUG] [java.lang.Runtime] Runtime.exit() called with status: 0
java.lang.Throwable: Runtime.exit(0)
	at java.base/java.lang.Shutdown.logRuntimeExit(Shutdown.java:179)
	at java.base/java.lang.Shutdown.exit(Shutdown.java:160)
	at java.base/java.lang.Runtime.exit(Runtime.java:188)
	at java.base/java.lang.System.exit(System.java:1920)
	at org.gradle.launcher.bootstrap.ProcessCompleter.complete(ProcessCompleter.java:21)
	at org.gradle.launcher.bootstrap.EntryPoint.run(EntryPoint.java:61)
	at java.base/jdk.internal.reflect.DirectMethodHandleAccessor.invoke(DirectMethodHandleAccessor.java:103)
	at java.base/java.lang.reflect.Method.invoke(Method.java:580)
	at org.gradle.launcher.bootstrap.ProcessBootstrap.runNoExit(ProcessBootstrap.java:72)
	at org.gradle.launcher.bootstrap.ProcessBootstrap.run(ProcessBootstrap.java:39)
	at org.gradle.launcher.daemon.bootstrap.GradleDaemon.main(GradleDaemon.java:22)
Daemon vm is shutting down... The daemon has exited normally or was terminated in response to a user interrupt.
2026-03-10T22:43:42.791-0600 [DEBUG] [org.gradle.launcher.daemon.registry.PersistentDaemonRegistry] Removing daemon address: [42b07707-293c-412f-b3a8-4cd6447fef36 port:35831, addresses:[localhost/127.0.0.1]]
2026-03-10T22:43:42.793-0600 [DEBUG] [org.gradle.launcher.daemon.server.Daemon] VM shutdown hook was unable to remove the daemon address from the registry. It will be cleaned up later.
java.lang.IllegalStateException: Cannot start managing file contention because this handler has been closed.
	at org.gradle.cache.internal.locklistener.DefaultFileLockContentionHandler.assertNotStopped(DefaultFileLockContentionHandler.java:248)
	at org.gradle.cache.internal.locklistener.DefaultFileLockContentionHandler.reservePort(DefaultFileLockContentionHandler.java:286)
	at org.gradle.cache.internal.DefaultFileLockManager.lock(DefaultFileLockManager.java:124)
	at org.gradle.cache.internal.DefaultFileLockManager.lock(DefaultFileLockManager.java:106)
	at org.gradle.cache.internal.DefaultFileLockManager.lock(DefaultFileLockManager.java:101)
	at org.gradle.cache.internal.OnDemandFileAccess.updateFile(OnDemandFileAccess.java:51)
	at org.gradle.cache.internal.FileBackedObjectHolder.update(FileBackedObjectHolder.java:77)
	at org.gradle.cache.internal.FileIntegrityViolationSuppressingObjectHolderDecorator.lambda$update$0(FileIntegrityViolationSuppressingObjectHolderDecorator.java:48)
	at org.gradle.cache.internal.FileIntegrityViolationSuppressingObjectHolderDecorator.doUpdate(FileIntegrityViolationSuppressingObjectHolderDecorator.java:58)
	at org.gradle.cache.internal.FileIntegrityViolationSuppressingObjectHolderDecorator.update(FileIntegrityViolationSuppressingObjectHolderDecorator.java:48)
	at org.gradle.launcher.daemon.registry.PersistentDaemonRegistry.remove(PersistentDaemonRegistry.java:133)
	at org.gradle.launcher.daemon.server.Daemon$1.run(Daemon.java:133)
	at java.base/java.lang.Thread.run(Thread.java:1583)
